<html>
<head>
<title>TestNG:  Default test</title>
<link href="../testng.css" rel="stylesheet" type="text/css" />
<link href="../my-testng.css" rel="stylesheet" type="text/css" />

<style type="text/css">
.log { display: none;} 
.stack-trace { display: none;} 
</style>
<script type="text/javascript">
<!--
function flip(e) {
  current = e.style.display;
  if (current == 'block') {
    e.style.display = 'none';
    return 0;
  }
  else {
    e.style.display = 'block';
    return 1;
  }
}

function toggleBox(szDivId, elem, msg1, msg2)
{
  var res = -1;  if (document.getElementById) {
    res = flip(document.getElementById(szDivId));
  }
  else if (document.all) {
    // this is the way old msie versions work
    res = flip(document.all[szDivId]);
  }
  if(elem) {
    if(res == 0) elem.innerHTML = msg1; else elem.innerHTML = msg2;
  }

}

function toggleAllBoxes() {
  if (document.getElementsByTagName) {
    d = document.getElementsByTagName('div');
    for (i = 0; i < d.length; i++) {
      if (d[i].className == 'log') {
        flip(d[i]);
      }
    }
  }
}

// -->
</script>

</head>
<body>
<h2 align='center'>Default test</h2><table border='1' align="center">
<tr>
<td>Tests passed/Failed/Skipped:</td><td>87/6/0</td>
</tr><tr>
<td>Started on:</td><td>Fri Jan 20 18:36:29 EST 2023</td>
</tr>
<tr><td>Total time:</td><td>1695 seconds (1695566 ms)</td>
</tr><tr>
<td>Included groups:</td><td></td>
</tr><tr>
<td>Excluded groups:</td><td></td>
</tr>
</table><p/>
<small><i>(Hover the method name to see the test class name)</i></small><p/>
<table width='100%' border='1' class='invocation-failed'>
<tr><td colspan='4' align='center'><b>FAILED TESTS</b></td></tr>
<tr><td><b>Test method</b></td>
<td width="30%"><b>Exception</b></td>
<td width="10%"><b>Time (seconds)</b></td>
<td><b>Instance</b></td>
</tr>
<tr>
<td title='com.pwc.productcentral.SanityTestCases.WEB_58()'><b>WEB_58</b><br>Test class: com.pwc.productcentral.SanityTestCases</td>
<td><div><pre>java.lang.AssertionError: expected [true] but found [false]
	at org.testng.Assert.fail(Assert.java:99)
	at org.testng.Assert.failNotEquals(Assert.java:1037)
	at org.testng.Assert.assertTrue(Assert.java:45)
	at org.testng.Assert.assertTrue(Assert.java:55)
	at Pages.ProductPage.setFirstTabActive(ProductPage.java:641)
	at com.pwc.productcentral.SanityTestCases.WEB_58(SanityTestCases.java:718)
	at java.base/jdk.internal.reflect.DirectMethodHandleAccessor.invoke(DirectMethodHandleAccessor.java:104)
	at java.base/java.lang.reflect.Method.invoke(Method.java:577)
	at org.testng.internal.MethodInvocationHelper.invokeMethod(MethodInvocationHelper.java:133)
	at org.testng.internal.TestInvoker.invokeMethod(TestInvoker.java:598)
	at org.testng.internal.TestInvoker.invokeTestMethod(TestInvoker.java:173)
	at org.testng.internal.MethodRunner.runInSequence(MethodRunner.java:46)
	at org.testng.internal.TestInvoker$MethodInvocationAgent.invoke(TestInvoker.java:824)
	at org.testng.internal.TestInvoker.invokeTestMethods(TestInvoker.java:146)
	at org.testng.internal.TestMethodWorker.invokeTestMethods(TestMethodWorker.java:146)
	at org.testng.internal.TestMethodWorker.run(TestMethodWorker.java:128)
	at java.base/java.util.ArrayList.forEach(ArrayList.java:1511)
	at org.testng.TestRunner.privateRun(TestRunner.java:794)
	at org.testng.TestRunner.run(TestRunner.java:596)
	at org.testng.SuiteRunner.runTest(SuiteRunner.java:377)
	at org.testng.SuiteRunner.runSequentially(SuiteRunner.java:371)
	at org.testng.SuiteRunner.privateRun(SuiteRunner.java:332)
	at org.testng.SuiteRunner.run(SuiteRunner.java:276)
	at org.testng.SuiteRunnerWorker.runSuite(SuiteRunnerWorker.java:53)
	at org.testng.SuiteRunnerWorker.run(SuiteRunnerWorker.java:96)
	at org.testng.TestNG.runSuitesSequentially(TestNG.java:1212)
	at org.testng.TestNG.runSuitesLocally(TestNG.java:1134)
	at org.testng.TestNG.runSuites(TestNG.java:1063)
	at org.testng.TestNG.run(TestNG.java:1031)
	at org.testng.remote.AbstractRemoteTestNG.run(AbstractRemoteTestNG.java:115)
	at org.testng.remote.RemoteTestNG.initAndRun(RemoteTestNG.java:251)
	at org.testng.remote.RemoteTestNG.main(RemoteTestNG.java:77)
</pre></div><a href='#' onClick='toggleBox("stack-trace922274138", this, "Click to show all stack frames", "Click to hide stack frames")'>Click to show all stack frames</a>
<div class='stack-trace' id='stack-trace922274138'><pre>java.lang.AssertionError: expected [true] but found [false]
	at org.testng.Assert.fail(Assert.java:99)
	at org.testng.Assert.failNotEquals(Assert.java:1037)
	at org.testng.Assert.assertTrue(Assert.java:45)
	at org.testng.Assert.assertTrue(Assert.java:55)
	at Pages.ProductPage.setFirstTabActive(ProductPage.java:641)
	at com.pwc.productcentral.SanityTestCases.WEB_58(SanityTestCases.java:718)
	at java.base/jdk.internal.reflect.DirectMethodHandleAccessor.invoke(DirectMethodHandleAccessor.java:104)
	at java.base/java.lang.reflect.Method.invoke(Method.java:577)
	at org.testng.internal.MethodInvocationHelper.invokeMethod(MethodInvocationHelper.java:133)
	at org.testng.internal.TestInvoker.invokeMethod(TestInvoker.java:598)
	at org.testng.internal.TestInvoker.invokeTestMethod(TestInvoker.java:173)
	at org.testng.internal.MethodRunner.runInSequence(MethodRunner.java:46)
	at org.testng.internal.TestInvoker$MethodInvocationAgent.invoke(TestInvoker.java:824)
	at org.testng.internal.TestInvoker.invokeTestMethods(TestInvoker.java:146)
	at org.testng.internal.TestMethodWorker.invokeTestMethods(TestMethodWorker.java:146)
	at org.testng.internal.TestMethodWorker.run(TestMethodWorker.java:128)
	at java.base/java.util.ArrayList.forEach(ArrayList.java:1511)
	at org.testng.TestRunner.privateRun(TestRunner.java:794)
	at org.testng.TestRunner.run(TestRunner.java:596)
	at org.testng.SuiteRunner.runTest(SuiteRunner.java:377)
	at org.testng.SuiteRunner.runSequentially(SuiteRunner.java:371)
	at org.testng.SuiteRunner.privateRun(SuiteRunner.java:332)
	at org.testng.SuiteRunner.run(SuiteRunner.java:276)
	at org.testng.SuiteRunnerWorker.runSuite(SuiteRunnerWorker.java:53)
	at org.testng.SuiteRunnerWorker.run(SuiteRunnerWorker.java:96)
	at org.testng.TestNG.runSuitesSequentially(TestNG.java:1212)
	at org.testng.TestNG.runSuitesLocally(TestNG.java:1134)
	at org.testng.TestNG.runSuites(TestNG.java:1063)
	at org.testng.TestNG.run(TestNG.java:1031)
	at org.testng.remote.AbstractRemoteTestNG.run(AbstractRemoteTestNG.java:115)
	at org.testng.remote.RemoteTestNG.initAndRun(RemoteTestNG.java:251)
	at org.testng.remote.RemoteTestNG.main(RemoteTestNG.java:77)
</pre></div></td>
<td>21</td>
<td>com.pwc.productcentral.SanityTestCases@3dedb4a6</td></tr>
<tr>
<td title='com.pwc.productcentral.SanityTestCases.WEB_65()'><b>WEB_65</b><br>Test class: com.pwc.productcentral.SanityTestCases</td>
<td><div><pre>java.lang.AssertionError: expected [Last updated 01/09/2023] but found [Last updated 01/20/2023]
	at org.testng.Assert.fail(Assert.java:99)
	at org.testng.Assert.failNotEquals(Assert.java:1037)
	at org.testng.Assert.assertEqualsImpl(Assert.java:140)
	at org.testng.Assert.assertEquals(Assert.java:122)
	at org.testng.Assert.assertEquals(Assert.java:629)
	at org.testng.Assert.assertEquals(Assert.java:639)
	at Pages.AuthoringPage.setUpdatedDateFromAssets(AuthoringPage.java:1415)
	at com.pwc.productcentral.SanityTestCases.WEB_65(SanityTestCases.java:784)
	at java.base/jdk.internal.reflect.DirectMethodHandleAccessor.invoke(DirectMethodHandleAccessor.java:104)
	at java.base/java.lang.reflect.Method.invoke(Method.java:577)
	at org.testng.internal.MethodInvocationHelper.invokeMethod(MethodInvocationHelper.java:133)
	at org.testng.internal.TestInvoker.invokeMethod(TestInvoker.java:598)
	at org.testng.internal.TestInvoker.invokeTestMethod(TestInvoker.java:173)
	at org.testng.internal.MethodRunner.runInSequence(MethodRunner.java:46)
	at org.testng.internal.TestInvoker$MethodInvocationAgent.invoke(TestInvoker.java:824)
	at org.testng.internal.TestInvoker.invokeTestMethods(TestInvoker.java:146)
	at org.testng.internal.TestMethodWorker.invokeTestMethods(TestMethodWorker.java:146)
	at org.testng.internal.TestMethodWorker.run(TestMethodWorker.java:128)
	at java.base/java.util.ArrayList.forEach(ArrayList.java:1511)
	at org.testng.TestRunner.privateRun(TestRunner.java:794)
	at org.testng.TestRunner.run(TestRunner.java:596)
	at org.testng.SuiteRunner.runTest(SuiteRunner.java:377)
	at org.testng.SuiteRunner.runSequentially(SuiteRunner.java:371)
	at org.testng.SuiteRunner.privateRun(SuiteRunner.java:332)
	at org.testng.SuiteRunner.run(SuiteRunner.java:276)
	at org.testng.SuiteRunnerWorker.runSuite(SuiteRunnerWorker.java:53)
	at org.testng.SuiteRunnerWorker.run(SuiteRunnerWorker.java:96)
	at org.testng.TestNG.runSuitesSequentially(TestNG.java:1212)
	at org.testng.TestNG.runSuitesLocally(TestNG.java:1134)
	at org.testng.TestNG.runSuites(TestNG.java:1063)
	at org.testng.TestNG.run(TestNG.java:1031)
	at org.testng.remote.AbstractRemoteTestNG.run(AbstractRemoteTestNG.java:115)
	at org.testng.remote.RemoteTestNG.initAndRun(RemoteTestNG.java:251)
	at org.testng.remote.RemoteTestNG.main(RemoteTestNG.java:77)
</pre></div><a href='#' onClick='toggleBox("stack-trace933388833", this, "Click to show all stack frames", "Click to hide stack frames")'>Click to show all stack frames</a>
<div class='stack-trace' id='stack-trace933388833'><pre>java.lang.AssertionError: expected [Last updated 01/09/2023] but found [Last updated 01/20/2023]
	at org.testng.Assert.fail(Assert.java:99)
	at org.testng.Assert.failNotEquals(Assert.java:1037)
	at org.testng.Assert.assertEqualsImpl(Assert.java:140)
	at org.testng.Assert.assertEquals(Assert.java:122)
	at org.testng.Assert.assertEquals(Assert.java:629)
	at org.testng.Assert.assertEquals(Assert.java:639)
	at Pages.AuthoringPage.setUpdatedDateFromAssets(AuthoringPage.java:1415)
	at com.pwc.productcentral.SanityTestCases.WEB_65(SanityTestCases.java:784)
	at java.base/jdk.internal.reflect.DirectMethodHandleAccessor.invoke(DirectMethodHandleAccessor.java:104)
	at java.base/java.lang.reflect.Method.invoke(Method.java:577)
	at org.testng.internal.MethodInvocationHelper.invokeMethod(MethodInvocationHelper.java:133)
	at org.testng.internal.TestInvoker.invokeMethod(TestInvoker.java:598)
	at org.testng.internal.TestInvoker.invokeTestMethod(TestInvoker.java:173)
	at org.testng.internal.MethodRunner.runInSequence(MethodRunner.java:46)
	at org.testng.internal.TestInvoker$MethodInvocationAgent.invoke(TestInvoker.java:824)
	at org.testng.internal.TestInvoker.invokeTestMethods(TestInvoker.java:146)
	at org.testng.internal.TestMethodWorker.invokeTestMethods(TestMethodWorker.java:146)
	at org.testng.internal.TestMethodWorker.run(TestMethodWorker.java:128)
	at java.base/java.util.ArrayList.forEach(ArrayList.java:1511)
	at org.testng.TestRunner.privateRun(TestRunner.java:794)
	at org.testng.TestRunner.run(TestRunner.java:596)
	at org.testng.SuiteRunner.runTest(SuiteRunner.java:377)
	at org.testng.SuiteRunner.runSequentially(SuiteRunner.java:371)
	at org.testng.SuiteRunner.privateRun(SuiteRunner.java:332)
	at org.testng.SuiteRunner.run(SuiteRunner.java:276)
	at org.testng.SuiteRunnerWorker.runSuite(SuiteRunnerWorker.java:53)
	at org.testng.SuiteRunnerWorker.run(SuiteRunnerWorker.java:96)
	at org.testng.TestNG.runSuitesSequentially(TestNG.java:1212)
	at org.testng.TestNG.runSuitesLocally(TestNG.java:1134)
	at org.testng.TestNG.runSuites(TestNG.java:1063)
	at org.testng.TestNG.run(TestNG.java:1031)
	at org.testng.remote.AbstractRemoteTestNG.run(AbstractRemoteTestNG.java:115)
	at org.testng.remote.RemoteTestNG.initAndRun(RemoteTestNG.java:251)
	at org.testng.remote.RemoteTestNG.main(RemoteTestNG.java:77)
</pre></div></td>
<td>44</td>
<td>com.pwc.productcentral.SanityTestCases@3dedb4a6</td></tr>
<tr>
<td title='com.pwc.productcentral.SanityTestCases.WEB_66()'><b>WEB_66</b><br>Test class: com.pwc.productcentral.SanityTestCases</td>
<td><div><pre>java.lang.AssertionError: expected [true] but found [false]
	at org.testng.Assert.fail(Assert.java:99)
	at org.testng.Assert.failNotEquals(Assert.java:1037)
	at org.testng.Assert.assertTrue(Assert.java:45)
	at org.testng.Assert.assertTrue(Assert.java:55)
	at Pages.AuthoringPage.setUpdatedDateVisibility(AuthoringPage.java:1469)
	at com.pwc.productcentral.SanityTestCases.WEB_66(SanityTestCases.java:793)
	at java.base/jdk.internal.reflect.DirectMethodHandleAccessor.invoke(DirectMethodHandleAccessor.java:104)
	at java.base/java.lang.reflect.Method.invoke(Method.java:577)
	at org.testng.internal.MethodInvocationHelper.invokeMethod(MethodInvocationHelper.java:133)
	at org.testng.internal.TestInvoker.invokeMethod(TestInvoker.java:598)
	at org.testng.internal.TestInvoker.invokeTestMethod(TestInvoker.java:173)
	at org.testng.internal.MethodRunner.runInSequence(MethodRunner.java:46)
	at org.testng.internal.TestInvoker$MethodInvocationAgent.invoke(TestInvoker.java:824)
	at org.testng.internal.TestInvoker.invokeTestMethods(TestInvoker.java:146)
	at org.testng.internal.TestMethodWorker.invokeTestMethods(TestMethodWorker.java:146)
	at org.testng.internal.TestMethodWorker.run(TestMethodWorker.java:128)
	at java.base/java.util.ArrayList.forEach(ArrayList.java:1511)
	at org.testng.TestRunner.privateRun(TestRunner.java:794)
	at org.testng.TestRunner.run(TestRunner.java:596)
	at org.testng.SuiteRunner.runTest(SuiteRunner.java:377)
	at org.testng.SuiteRunner.runSequentially(SuiteRunner.java:371)
	at org.testng.SuiteRunner.privateRun(SuiteRunner.java:332)
	at org.testng.SuiteRunner.run(SuiteRunner.java:276)
	at org.testng.SuiteRunnerWorker.runSuite(SuiteRunnerWorker.java:53)
	at org.testng.SuiteRunnerWorker.run(SuiteRunnerWorker.java:96)
	at org.testng.TestNG.runSuitesSequentially(TestNG.java:1212)
	at org.testng.TestNG.runSuitesLocally(TestNG.java:1134)
	at org.testng.TestNG.runSuites(TestNG.java:1063)
	at org.testng.TestNG.run(TestNG.java:1031)
	at org.testng.remote.AbstractRemoteTestNG.run(AbstractRemoteTestNG.java:115)
	at org.testng.remote.RemoteTestNG.initAndRun(RemoteTestNG.java:251)
	at org.testng.remote.RemoteTestNG.main(RemoteTestNG.java:77)
</pre></div><a href='#' onClick='toggleBox("stack-trace1247644388", this, "Click to show all stack frames", "Click to hide stack frames")'>Click to show all stack frames</a>
<div class='stack-trace' id='stack-trace1247644388'><pre>java.lang.AssertionError: expected [true] but found [false]
	at org.testng.Assert.fail(Assert.java:99)
	at org.testng.Assert.failNotEquals(Assert.java:1037)
	at org.testng.Assert.assertTrue(Assert.java:45)
	at org.testng.Assert.assertTrue(Assert.java:55)
	at Pages.AuthoringPage.setUpdatedDateVisibility(AuthoringPage.java:1469)
	at com.pwc.productcentral.SanityTestCases.WEB_66(SanityTestCases.java:793)
	at java.base/jdk.internal.reflect.DirectMethodHandleAccessor.invoke(DirectMethodHandleAccessor.java:104)
	at java.base/java.lang.reflect.Method.invoke(Method.java:577)
	at org.testng.internal.MethodInvocationHelper.invokeMethod(MethodInvocationHelper.java:133)
	at org.testng.internal.TestInvoker.invokeMethod(TestInvoker.java:598)
	at org.testng.internal.TestInvoker.invokeTestMethod(TestInvoker.java:173)
	at org.testng.internal.MethodRunner.runInSequence(MethodRunner.java:46)
	at org.testng.internal.TestInvoker$MethodInvocationAgent.invoke(TestInvoker.java:824)
	at org.testng.internal.TestInvoker.invokeTestMethods(TestInvoker.java:146)
	at org.testng.internal.TestMethodWorker.invokeTestMethods(TestMethodWorker.java:146)
	at org.testng.internal.TestMethodWorker.run(TestMethodWorker.java:128)
	at java.base/java.util.ArrayList.forEach(ArrayList.java:1511)
	at org.testng.TestRunner.privateRun(TestRunner.java:794)
	at org.testng.TestRunner.run(TestRunner.java:596)
	at org.testng.SuiteRunner.runTest(SuiteRunner.java:377)
	at org.testng.SuiteRunner.runSequentially(SuiteRunner.java:371)
	at org.testng.SuiteRunner.privateRun(SuiteRunner.java:332)
	at org.testng.SuiteRunner.run(SuiteRunner.java:276)
	at org.testng.SuiteRunnerWorker.runSuite(SuiteRunnerWorker.java:53)
	at org.testng.SuiteRunnerWorker.run(SuiteRunnerWorker.java:96)
	at org.testng.TestNG.runSuitesSequentially(TestNG.java:1212)
	at org.testng.TestNG.runSuitesLocally(TestNG.java:1134)
	at org.testng.TestNG.runSuites(TestNG.java:1063)
	at org.testng.TestNG.run(TestNG.java:1031)
	at org.testng.remote.AbstractRemoteTestNG.run(AbstractRemoteTestNG.java:115)
	at org.testng.remote.RemoteTestNG.initAndRun(RemoteTestNG.java:251)
	at org.testng.remote.RemoteTestNG.main(RemoteTestNG.java:77)
</pre></div></td>
<td>16</td>
<td>com.pwc.productcentral.SanityTestCases@3dedb4a6</td></tr>
<tr>
<td title='com.pwc.productcentral.SanityTestCases.WEB_52()'><b>WEB_52</b><br>Test class: com.pwc.productcentral.SanityTestCases</td>
<td><div><pre>java.lang.AssertionError: expected [true] but found [false]
	at org.testng.Assert.fail(Assert.java:99)
	at org.testng.Assert.failNotEquals(Assert.java:1037)
	at org.testng.Assert.assertTrue(Assert.java:45)
	at org.testng.Assert.assertTrue(Assert.java:55)
	at Pages.BasePage.setAllImages(BasePage.java:320)
	at com.pwc.productcentral.SanityTestCases.WEB_52(SanityTestCases.java:606)
	at java.base/jdk.internal.reflect.DirectMethodHandleAccessor.invoke(DirectMethodHandleAccessor.java:104)
	at java.base/java.lang.reflect.Method.invoke(Method.java:577)
	at org.testng.internal.MethodInvocationHelper.invokeMethod(MethodInvocationHelper.java:133)
	at org.testng.internal.TestInvoker.invokeMethod(TestInvoker.java:598)
	at org.testng.internal.TestInvoker.invokeTestMethod(TestInvoker.java:173)
	at org.testng.internal.MethodRunner.runInSequence(MethodRunner.java:46)
	at org.testng.internal.TestInvoker$MethodInvocationAgent.invoke(TestInvoker.java:824)
	at org.testng.internal.TestInvoker.invokeTestMethods(TestInvoker.java:146)
	at org.testng.internal.TestMethodWorker.invokeTestMethods(TestMethodWorker.java:146)
	at org.testng.internal.TestMethodWorker.run(TestMethodWorker.java:128)
	at java.base/java.util.ArrayList.forEach(ArrayList.java:1511)
	at org.testng.TestRunner.privateRun(TestRunner.java:794)
	at org.testng.TestRunner.run(TestRunner.java:596)
	at org.testng.SuiteRunner.runTest(SuiteRunner.java:377)
	at org.testng.SuiteRunner.runSequentially(SuiteRunner.java:371)
	at org.testng.SuiteRunner.privateRun(SuiteRunner.java:332)
	at org.testng.SuiteRunner.run(SuiteRunner.java:276)
	at org.testng.SuiteRunnerWorker.runSuite(SuiteRunnerWorker.java:53)
	at org.testng.SuiteRunnerWorker.run(SuiteRunnerWorker.java:96)
	at org.testng.TestNG.runSuitesSequentially(TestNG.java:1212)
	at org.testng.TestNG.runSuitesLocally(TestNG.java:1134)
	at org.testng.TestNG.runSuites(TestNG.java:1063)
	at org.testng.TestNG.run(TestNG.java:1031)
	at org.testng.remote.AbstractRemoteTestNG.run(AbstractRemoteTestNG.java:115)
	at org.testng.remote.RemoteTestNG.initAndRun(RemoteTestNG.java:251)
	at org.testng.remote.RemoteTestNG.main(RemoteTestNG.java:77)
</pre></div><a href='#' onClick='toggleBox("stack-trace1255163484", this, "Click to show all stack frames", "Click to hide stack frames")'>Click to show all stack frames</a>
<div class='stack-trace' id='stack-trace1255163484'><pre>java.lang.AssertionError: expected [true] but found [false]
	at org.testng.Assert.fail(Assert.java:99)
	at org.testng.Assert.failNotEquals(Assert.java:1037)
	at org.testng.Assert.assertTrue(Assert.java:45)
	at org.testng.Assert.assertTrue(Assert.java:55)
	at Pages.BasePage.setAllImages(BasePage.java:320)
	at com.pwc.productcentral.SanityTestCases.WEB_52(SanityTestCases.java:606)
	at java.base/jdk.internal.reflect.DirectMethodHandleAccessor.invoke(DirectMethodHandleAccessor.java:104)
	at java.base/java.lang.reflect.Method.invoke(Method.java:577)
	at org.testng.internal.MethodInvocationHelper.invokeMethod(MethodInvocationHelper.java:133)
	at org.testng.internal.TestInvoker.invokeMethod(TestInvoker.java:598)
	at org.testng.internal.TestInvoker.invokeTestMethod(TestInvoker.java:173)
	at org.testng.internal.MethodRunner.runInSequence(MethodRunner.java:46)
	at org.testng.internal.TestInvoker$MethodInvocationAgent.invoke(TestInvoker.java:824)
	at org.testng.internal.TestInvoker.invokeTestMethods(TestInvoker.java:146)
	at org.testng.internal.TestMethodWorker.invokeTestMethods(TestMethodWorker.java:146)
	at org.testng.internal.TestMethodWorker.run(TestMethodWorker.java:128)
	at java.base/java.util.ArrayList.forEach(ArrayList.java:1511)
	at org.testng.TestRunner.privateRun(TestRunner.java:794)
	at org.testng.TestRunner.run(TestRunner.java:596)
	at org.testng.SuiteRunner.runTest(SuiteRunner.java:377)
	at org.testng.SuiteRunner.runSequentially(SuiteRunner.java:371)
	at org.testng.SuiteRunner.privateRun(SuiteRunner.java:332)
	at org.testng.SuiteRunner.run(SuiteRunner.java:276)
	at org.testng.SuiteRunnerWorker.runSuite(SuiteRunnerWorker.java:53)
	at org.testng.SuiteRunnerWorker.run(SuiteRunnerWorker.java:96)
	at org.testng.TestNG.runSuitesSequentially(TestNG.java:1212)
	at org.testng.TestNG.runSuitesLocally(TestNG.java:1134)
	at org.testng.TestNG.runSuites(TestNG.java:1063)
	at org.testng.TestNG.run(TestNG.java:1031)
	at org.testng.remote.AbstractRemoteTestNG.run(AbstractRemoteTestNG.java:115)
	at org.testng.remote.RemoteTestNG.initAndRun(RemoteTestNG.java:251)
	at org.testng.remote.RemoteTestNG.main(RemoteTestNG.java:77)
</pre></div></td>
<td>1</td>
<td>com.pwc.productcentral.SanityTestCases@3dedb4a6</td></tr>
<tr>
<td title='com.pwc.productcentral.SanityTestCases.WEB_68()'><b>WEB_68</b><br>Test class: com.pwc.productcentral.SanityTestCases</td>
<td><div><pre>java.lang.AssertionError: expected [true] but found [false]
	at org.testng.Assert.fail(Assert.java:99)
	at org.testng.Assert.failNotEquals(Assert.java:1037)
	at org.testng.Assert.assertTrue(Assert.java:45)
	at org.testng.Assert.assertTrue(Assert.java:55)
	at Pages.HomePage.setSearchResult(HomePage.java:492)
	at com.pwc.productcentral.SanityTestCases.WEB_68(SanityTestCases.java:812)
	at java.base/jdk.internal.reflect.DirectMethodHandleAccessor.invoke(DirectMethodHandleAccessor.java:104)
	at java.base/java.lang.reflect.Method.invoke(Method.java:577)
	at org.testng.internal.MethodInvocationHelper.invokeMethod(MethodInvocationHelper.java:133)
	at org.testng.internal.TestInvoker.invokeMethod(TestInvoker.java:598)
	at org.testng.internal.TestInvoker.invokeTestMethod(TestInvoker.java:173)
	at org.testng.internal.MethodRunner.runInSequence(MethodRunner.java:46)
	at org.testng.internal.TestInvoker$MethodInvocationAgent.invoke(TestInvoker.java:824)
	at org.testng.internal.TestInvoker.invokeTestMethods(TestInvoker.java:146)
	at org.testng.internal.TestMethodWorker.invokeTestMethods(TestMethodWorker.java:146)
	at org.testng.internal.TestMethodWorker.run(TestMethodWorker.java:128)
	at java.base/java.util.ArrayList.forEach(ArrayList.java:1511)
	at org.testng.TestRunner.privateRun(TestRunner.java:794)
	at org.testng.TestRunner.run(TestRunner.java:596)
	at org.testng.SuiteRunner.runTest(SuiteRunner.java:377)
	at org.testng.SuiteRunner.runSequentially(SuiteRunner.java:371)
	at org.testng.SuiteRunner.privateRun(SuiteRunner.java:332)
	at org.testng.SuiteRunner.run(SuiteRunner.java:276)
	at org.testng.SuiteRunnerWorker.runSuite(SuiteRunnerWorker.java:53)
	at org.testng.SuiteRunnerWorker.run(SuiteRunnerWorker.java:96)
	at org.testng.TestNG.runSuitesSequentially(TestNG.java:1212)
	at org.testng.TestNG.runSuitesLocally(TestNG.java:1134)
	at org.testng.TestNG.runSuites(TestNG.java:1063)
	at org.testng.TestNG.run(TestNG.java:1031)
	at org.testng.remote.AbstractRemoteTestNG.run(AbstractRemoteTestNG.java:115)
	at org.testng.remote.RemoteTestNG.initAndRun(RemoteTestNG.java:251)
	at org.testng.remote.RemoteTestNG.main(RemoteTestNG.java:77)
</pre></div><a href='#' onClick='toggleBox("stack-trace1614311060", this, "Click to show all stack frames", "Click to hide stack frames")'>Click to show all stack frames</a>
<div class='stack-trace' id='stack-trace1614311060'><pre>java.lang.AssertionError: expected [true] but found [false]
	at org.testng.Assert.fail(Assert.java:99)
	at org.testng.Assert.failNotEquals(Assert.java:1037)
	at org.testng.Assert.assertTrue(Assert.java:45)
	at org.testng.Assert.assertTrue(Assert.java:55)
	at Pages.HomePage.setSearchResult(HomePage.java:492)
	at com.pwc.productcentral.SanityTestCases.WEB_68(SanityTestCases.java:812)
	at java.base/jdk.internal.reflect.DirectMethodHandleAccessor.invoke(DirectMethodHandleAccessor.java:104)
	at java.base/java.lang.reflect.Method.invoke(Method.java:577)
	at org.testng.internal.MethodInvocationHelper.invokeMethod(MethodInvocationHelper.java:133)
	at org.testng.internal.TestInvoker.invokeMethod(TestInvoker.java:598)
	at org.testng.internal.TestInvoker.invokeTestMethod(TestInvoker.java:173)
	at org.testng.internal.MethodRunner.runInSequence(MethodRunner.java:46)
	at org.testng.internal.TestInvoker$MethodInvocationAgent.invoke(TestInvoker.java:824)
	at org.testng.internal.TestInvoker.invokeTestMethods(TestInvoker.java:146)
	at org.testng.internal.TestMethodWorker.invokeTestMethods(TestMethodWorker.java:146)
	at org.testng.internal.TestMethodWorker.run(TestMethodWorker.java:128)
	at java.base/java.util.ArrayList.forEach(ArrayList.java:1511)
	at org.testng.TestRunner.privateRun(TestRunner.java:794)
	at org.testng.TestRunner.run(TestRunner.java:596)
	at org.testng.SuiteRunner.runTest(SuiteRunner.java:377)
	at org.testng.SuiteRunner.runSequentially(SuiteRunner.java:371)
	at org.testng.SuiteRunner.privateRun(SuiteRunner.java:332)
	at org.testng.SuiteRunner.run(SuiteRunner.java:276)
	at org.testng.SuiteRunnerWorker.runSuite(SuiteRunnerWorker.java:53)
	at org.testng.SuiteRunnerWorker.run(SuiteRunnerWorker.java:96)
	at org.testng.TestNG.runSuitesSequentially(TestNG.java:1212)
	at org.testng.TestNG.runSuitesLocally(TestNG.java:1134)
	at org.testng.TestNG.runSuites(TestNG.java:1063)
	at org.testng.TestNG.run(TestNG.java:1031)
	at org.testng.remote.AbstractRemoteTestNG.run(AbstractRemoteTestNG.java:115)
	at org.testng.remote.RemoteTestNG.initAndRun(RemoteTestNG.java:251)
	at org.testng.remote.RemoteTestNG.main(RemoteTestNG.java:77)
</pre></div></td>
<td>15</td>
<td>com.pwc.productcentral.SanityTestCases@3dedb4a6</td></tr>
<tr>
<td title='com.pwc.productcentral.SanityTestCases.WEB_46()'><b>WEB_46</b><br>Test class: com.pwc.productcentral.SanityTestCases</td>
<td><div><pre>java.lang.AssertionError: expected [true] but found [false]
	at org.testng.Assert.fail(Assert.java:99)
	at org.testng.Assert.failNotEquals(Assert.java:1037)
	at org.testng.Assert.assertTrue(Assert.java:45)
	at org.testng.Assert.assertTrue(Assert.java:55)
	at Pages.ProductListingPage.setDocumentTileLine(ProductListingPage.java:352)
	at com.pwc.productcentral.SanityTestCases.WEB_46(SanityTestCases.java:550)
	at java.base/jdk.internal.reflect.DirectMethodHandleAccessor.invoke(DirectMethodHandleAccessor.java:104)
	at java.base/java.lang.reflect.Method.invoke(Method.java:577)
	at org.testng.internal.MethodInvocationHelper.invokeMethod(MethodInvocationHelper.java:133)
	at org.testng.internal.TestInvoker.invokeMethod(TestInvoker.java:598)
	at org.testng.internal.TestInvoker.invokeTestMethod(TestInvoker.java:173)
	at org.testng.internal.MethodRunner.runInSequence(MethodRunner.java:46)
	at org.testng.internal.TestInvoker$MethodInvocationAgent.invoke(TestInvoker.java:824)
	at org.testng.internal.TestInvoker.invokeTestMethods(TestInvoker.java:146)
	at org.testng.internal.TestMethodWorker.invokeTestMethods(TestMethodWorker.java:146)
	at org.testng.internal.TestMethodWorker.run(TestMethodWorker.java:128)
	at java.base/java.util.ArrayList.forEach(ArrayList.java:1511)
	at org.testng.TestRunner.privateRun(TestRunner.java:794)
	at org.testng.TestRunner.run(TestRunner.java:596)
	at org.testng.SuiteRunner.runTest(SuiteRunner.java:377)
	at org.testng.SuiteRunner.runSequentially(SuiteRunner.java:371)
	at org.testng.SuiteRunner.privateRun(SuiteRunner.java:332)
	at org.testng.SuiteRunner.run(SuiteRunner.java:276)
	at org.testng.SuiteRunnerWorker.runSuite(SuiteRunnerWorker.java:53)
	at org.testng.SuiteRunnerWorker.run(SuiteRunnerWorker.java:96)
	at org.testng.TestNG.runSuitesSequentially(TestNG.java:1212)
	at org.testng.TestNG.runSuitesLocally(TestNG.java:1134)
	at org.testng.TestNG.runSuites(TestNG.java:1063)
	at org.testng.TestNG.run(TestNG.java:1031)
	at org.testng.remote.AbstractRemoteTestNG.run(AbstractRemoteTestNG.java:115)
	at org.testng.remote.RemoteTestNG.initAndRun(RemoteTestNG.java:251)
	at org.testng.remote.RemoteTestNG.main(RemoteTestNG.java:77)
</pre></div><a href='#' onClick='toggleBox("stack-trace1161284088", this, "Click to show all stack frames", "Click to hide stack frames")'>Click to show all stack frames</a>
<div class='stack-trace' id='stack-trace1161284088'><pre>java.lang.AssertionError: expected [true] but found [false]
	at org.testng.Assert.fail(Assert.java:99)
	at org.testng.Assert.failNotEquals(Assert.java:1037)
	at org.testng.Assert.assertTrue(Assert.java:45)
	at org.testng.Assert.assertTrue(Assert.java:55)
	at Pages.ProductListingPage.setDocumentTileLine(ProductListingPage.java:352)
	at com.pwc.productcentral.SanityTestCases.WEB_46(SanityTestCases.java:550)
	at java.base/jdk.internal.reflect.DirectMethodHandleAccessor.invoke(DirectMethodHandleAccessor.java:104)
	at java.base/java.lang.reflect.Method.invoke(Method.java:577)
	at org.testng.internal.MethodInvocationHelper.invokeMethod(MethodInvocationHelper.java:133)
	at org.testng.internal.TestInvoker.invokeMethod(TestInvoker.java:598)
	at org.testng.internal.TestInvoker.invokeTestMethod(TestInvoker.java:173)
	at org.testng.internal.MethodRunner.runInSequence(MethodRunner.java:46)
	at org.testng.internal.TestInvoker$MethodInvocationAgent.invoke(TestInvoker.java:824)
	at org.testng.internal.TestInvoker.invokeTestMethods(TestInvoker.java:146)
	at org.testng.internal.TestMethodWorker.invokeTestMethods(TestMethodWorker.java:146)
	at org.testng.internal.TestMethodWorker.run(TestMethodWorker.java:128)
	at java.base/java.util.ArrayList.forEach(ArrayList.java:1511)
	at org.testng.TestRunner.privateRun(TestRunner.java:794)
	at org.testng.TestRunner.run(TestRunner.java:596)
	at org.testng.SuiteRunner.runTest(SuiteRunner.java:377)
	at org.testng.SuiteRunner.runSequentially(SuiteRunner.java:371)
	at org.testng.SuiteRunner.privateRun(SuiteRunner.java:332)
	at org.testng.SuiteRunner.run(SuiteRunner.java:276)
	at org.testng.SuiteRunnerWorker.runSuite(SuiteRunnerWorker.java:53)
	at org.testng.SuiteRunnerWorker.run(SuiteRunnerWorker.java:96)
	at org.testng.TestNG.runSuitesSequentially(TestNG.java:1212)
	at org.testng.TestNG.runSuitesLocally(TestNG.java:1134)
	at org.testng.TestNG.runSuites(TestNG.java:1063)
	at org.testng.TestNG.run(TestNG.java:1031)
	at org.testng.remote.AbstractRemoteTestNG.run(AbstractRemoteTestNG.java:115)
	at org.testng.remote.RemoteTestNG.initAndRun(RemoteTestNG.java:251)
	at org.testng.remote.RemoteTestNG.main(RemoteTestNG.java:77)
</pre></div></td>
<td>0</td>
<td>com.pwc.productcentral.SanityTestCases@3dedb4a6</td></tr>
</table><p>
<table width='100%' border='1' class='invocation-passed'>
<tr><td colspan='4' align='center'><b>PASSED TESTS</b></td></tr>
<tr><td><b>Test method</b></td>
<td width="30%"><b>Exception</b></td>
<td width="10%"><b>Time (seconds)</b></td>
<td><b>Instance</b></td>
</tr>
<tr>
<td title='com.pwc.productcentral.SanityTestCases.WEB_67()'><b>WEB_67</b><br>Test class: com.pwc.productcentral.SanityTestCases</td>
<td></td>
<td>31</td>
<td>com.pwc.productcentral.SanityTestCases@3dedb4a6</td></tr>
<tr>
<td title='com.pwc.productcentral.SanityTestCases.WEB_71()'><b>WEB_71</b><br>Test class: com.pwc.productcentral.SanityTestCases</td>
<td></td>
<td>28</td>
<td>com.pwc.productcentral.SanityTestCases@3dedb4a6</td></tr>
<tr>
<td title='com.pwc.productcentral.SanityTestCases.WEB_73()'><b>WEB_73</b><br>Test class: com.pwc.productcentral.SanityTestCases</td>
<td></td>
<td>22</td>
<td>com.pwc.productcentral.SanityTestCases@3dedb4a6</td></tr>
<tr>
<td title='com.pwc.productcentral.SanityTestCases.WEB_25()'><b>WEB_25</b><br>Test class: com.pwc.productcentral.SanityTestCases</td>
<td></td>
<td>22</td>
<td>com.pwc.productcentral.SanityTestCases@3dedb4a6</td></tr>
<tr>
<td title='com.pwc.productcentral.SanityTestCases.WEB_52_1()'><b>WEB_52_1</b><br>Test class: com.pwc.productcentral.SanityTestCases</td>
<td></td>
<td>0</td>
<td>com.pwc.productcentral.SanityTestCases@3dedb4a6</td></tr>
<tr>
<td title='com.pwc.productcentral.SanityTestCases.WEB_15()'><b>WEB_15</b><br>Test class: com.pwc.productcentral.SanityTestCases</td>
<td></td>
<td>1</td>
<td>com.pwc.productcentral.SanityTestCases@3dedb4a6</td></tr>
<tr>
<td title='com.pwc.productcentral.SanityTestCases.WEB_16()'><b>WEB_16</b><br>Test class: com.pwc.productcentral.SanityTestCases</td>
<td></td>
<td>1</td>
<td>com.pwc.productcentral.SanityTestCases@3dedb4a6</td></tr>
<tr>
<td title='com.pwc.productcentral.SanityTestCases.WEB_30()'><b>WEB_30</b><br>Test class: com.pwc.productcentral.SanityTestCases</td>
<td></td>
<td>12</td>
<td>com.pwc.productcentral.SanityTestCases@3dedb4a6</td></tr>
<tr>
<td title='com.pwc.productcentral.SanityTestCases.WEB_55()'><b>WEB_55</b><br>Test class: com.pwc.productcentral.SanityTestCases</td>
<td></td>
<td>21</td>
<td>com.pwc.productcentral.SanityTestCases@3dedb4a6</td></tr>
<tr>
<td title='com.pwc.productcentral.SanityTestCases.WEB_21()'><b>WEB_21</b><br>Test class: com.pwc.productcentral.SanityTestCases</td>
<td></td>
<td>7</td>
<td>com.pwc.productcentral.SanityTestCases@3dedb4a6</td></tr>
<tr>
<td title='com.pwc.productcentral.SanityTestCases.WEB_29()'><b>WEB_29</b><br>Test class: com.pwc.productcentral.SanityTestCases</td>
<td></td>
<td>30</td>
<td>com.pwc.productcentral.SanityTestCases@3dedb4a6</td></tr>
<tr>
<td title='com.pwc.productcentral.SanityTestCases.WEB_27()'><b>WEB_27</b><br>Test class: com.pwc.productcentral.SanityTestCases</td>
<td></td>
<td>11</td>
<td>com.pwc.productcentral.SanityTestCases@3dedb4a6</td></tr>
<tr>
<td title='com.pwc.productcentral.SanityTestCases.WEB_10()'><b>WEB_10</b><br>Test class: com.pwc.productcentral.SanityTestCases</td>
<td></td>
<td>1</td>
<td>com.pwc.productcentral.SanityTestCases@3dedb4a6</td></tr>
<tr>
<td title='com.pwc.productcentral.SanityTestCases.WEB_63()'><b>WEB_63</b><br>Test class: com.pwc.productcentral.SanityTestCases</td>
<td></td>
<td>49</td>
<td>com.pwc.productcentral.SanityTestCases@3dedb4a6</td></tr>
<tr>
<td title='com.pwc.productcentral.SanityTestCases.WEB_76()'><b>WEB_76</b><br>Test class: com.pwc.productcentral.SanityTestCases</td>
<td></td>
<td>48</td>
<td>com.pwc.productcentral.SanityTestCases@3dedb4a6</td></tr>
<tr>
<td title='com.pwc.productcentral.SanityTestCases.WEB_34()'><b>WEB_34</b><br>Test class: com.pwc.productcentral.SanityTestCases</td>
<td></td>
<td>20</td>
<td>com.pwc.productcentral.SanityTestCases@3dedb4a6</td></tr>
<tr>
<td title='com.pwc.productcentral.SanityTestCases.WEB_28()'><b>WEB_28</b><br>Test class: com.pwc.productcentral.SanityTestCases</td>
<td></td>
<td>13</td>
<td>com.pwc.productcentral.SanityTestCases@3dedb4a6</td></tr>
<tr>
<td title='com.pwc.productcentral.SanityTestCases.WEB_81()'><b>WEB_81</b><br>Test class: com.pwc.productcentral.SanityTestCases</td>
<td></td>
<td>8</td>
<td>com.pwc.productcentral.SanityTestCases@3dedb4a6</td></tr>
<tr>
<td title='com.pwc.productcentral.SanityTestCases.WEB_19()'><b>WEB_19</b><br>Test class: com.pwc.productcentral.SanityTestCases</td>
<td></td>
<td>0</td>
<td>com.pwc.productcentral.SanityTestCases@3dedb4a6</td></tr>
<tr>
<td title='com.pwc.productcentral.SanityTestCases.WEB_2()'><b>WEB_2</b><br>Test class: com.pwc.productcentral.SanityTestCases</td>
<td></td>
<td>0</td>
<td>com.pwc.productcentral.SanityTestCases@3dedb4a6</td></tr>
<tr>
<td title='com.pwc.productcentral.SanityTestCases.WEB_1()'><b>WEB_1</b><br>Test class: com.pwc.productcentral.SanityTestCases</td>
<td></td>
<td>1</td>
<td>com.pwc.productcentral.SanityTestCases@3dedb4a6</td></tr>
<tr>
<td title='com.pwc.productcentral.SanityTestCases.WEB_47()'><b>WEB_47</b><br>Test class: com.pwc.productcentral.SanityTestCases</td>
<td></td>
<td>0</td>
<td>com.pwc.productcentral.SanityTestCases@3dedb4a6</td></tr>
<tr>
<td title='com.pwc.productcentral.SanityTestCases.WEB_62()'><b>WEB_62</b><br>Test class: com.pwc.productcentral.SanityTestCases</td>
<td></td>
<td>34</td>
<td>com.pwc.productcentral.SanityTestCases@3dedb4a6</td></tr>
<tr>
<td title='com.pwc.productcentral.SanityTestCases.WEB_60()'><b>WEB_60</b><br>Test class: com.pwc.productcentral.SanityTestCases</td>
<td></td>
<td>21</td>
<td>com.pwc.productcentral.SanityTestCases@3dedb4a6</td></tr>
<tr>
<td title='com.pwc.productcentral.SanityTestCases.WEB_22()'><b>WEB_22</b><br>Test class: com.pwc.productcentral.SanityTestCases</td>
<td></td>
<td>11</td>
<td>com.pwc.productcentral.SanityTestCases@3dedb4a6</td></tr>
<tr>
<td title='com.pwc.productcentral.SanityTestCases.WEB_6()'><b>WEB_6</b><br>Test class: com.pwc.productcentral.SanityTestCases</td>
<td></td>
<td>1</td>
<td>com.pwc.productcentral.SanityTestCases@3dedb4a6</td></tr>
<tr>
<td title='com.pwc.productcentral.SanityTestCases.WEB_11()'><b>WEB_11</b><br>Test class: com.pwc.productcentral.SanityTestCases</td>
<td></td>
<td>1</td>
<td>com.pwc.productcentral.SanityTestCases@3dedb4a6</td></tr>
<tr>
<td title='com.pwc.productcentral.SanityTestCases.WEB_52_4()'><b>WEB_52_4</b><br>Test class: com.pwc.productcentral.SanityTestCases</td>
<td></td>
<td>1</td>
<td>com.pwc.productcentral.SanityTestCases@3dedb4a6</td></tr>
<tr>
<td title='com.pwc.productcentral.SanityTestCases.WEB_79()'><b>WEB_79</b><br>Test class: com.pwc.productcentral.SanityTestCases</td>
<td></td>
<td>22</td>
<td>com.pwc.productcentral.SanityTestCases@3dedb4a6</td></tr>
<tr>
<td title='com.pwc.productcentral.SanityTestCases.WEB_3()'><b>WEB_3</b><br>Test class: com.pwc.productcentral.SanityTestCases</td>
<td></td>
<td>1</td>
<td>com.pwc.productcentral.SanityTestCases@3dedb4a6</td></tr>
<tr>
<td title='com.pwc.productcentral.SanityTestCases.WEB_36()'><b>WEB_36</b><br>Test class: com.pwc.productcentral.SanityTestCases</td>
<td></td>
<td>27</td>
<td>com.pwc.productcentral.SanityTestCases@3dedb4a6</td></tr>
<tr>
<td title='com.pwc.productcentral.SanityTestCases.WEB_52_5()'><b>WEB_52_5</b><br>Test class: com.pwc.productcentral.SanityTestCases</td>
<td></td>
<td>22</td>
<td>com.pwc.productcentral.SanityTestCases@3dedb4a6</td></tr>
<tr>
<td title='com.pwc.productcentral.SanityTestCases.WEB_38()'><b>WEB_38</b><br>Test class: com.pwc.productcentral.SanityTestCases</td>
<td></td>
<td>26</td>
<td>com.pwc.productcentral.SanityTestCases@3dedb4a6</td></tr>
<tr>
<td title='com.pwc.productcentral.SanityTestCases.WEB_12()'><b>WEB_12</b><br>Test class: com.pwc.productcentral.SanityTestCases</td>
<td></td>
<td>37</td>
<td>com.pwc.productcentral.SanityTestCases@3dedb4a6</td></tr>
<tr>
<td title='com.pwc.productcentral.SanityTestCases.WEB_44()'><b>WEB_44</b><br>Test class: com.pwc.productcentral.SanityTestCases</td>
<td></td>
<td>0</td>
<td>com.pwc.productcentral.SanityTestCases@3dedb4a6</td></tr>
<tr>
<td title='com.pwc.productcentral.SanityTestCases.WEB_50()'><b>WEB_50</b><br>Test class: com.pwc.productcentral.SanityTestCases</td>
<td></td>
<td>14</td>
<td>com.pwc.productcentral.SanityTestCases@3dedb4a6</td></tr>
<tr>
<td title='com.pwc.productcentral.SanityTestCases.WEB_70()'><b>WEB_70</b><br>Test class: com.pwc.productcentral.SanityTestCases</td>
<td></td>
<td>20</td>
<td>com.pwc.productcentral.SanityTestCases@3dedb4a6</td></tr>
<tr>
<td title='com.pwc.productcentral.SanityTestCases.WEB_74()'><b>WEB_74</b><br>Test class: com.pwc.productcentral.SanityTestCases</td>
<td></td>
<td>38</td>
<td>com.pwc.productcentral.SanityTestCases@3dedb4a6</td></tr>
<tr>
<td title='com.pwc.productcentral.SanityTestCases.WEB_26()'><b>WEB_26</b><br>Test class: com.pwc.productcentral.SanityTestCases</td>
<td></td>
<td>6</td>
<td>com.pwc.productcentral.SanityTestCases@3dedb4a6</td></tr>
<tr>
<td title='com.pwc.productcentral.SanityTestCases.WEB_43()'><b>WEB_43</b><br>Test class: com.pwc.productcentral.SanityTestCases</td>
<td></td>
<td>1</td>
<td>com.pwc.productcentral.SanityTestCases@3dedb4a6</td></tr>
<tr>
<td title='com.pwc.productcentral.SanityTestCases.WEB_48()'><b>WEB_48</b><br>Test class: com.pwc.productcentral.SanityTestCases</td>
<td></td>
<td>11</td>
<td>com.pwc.productcentral.SanityTestCases@3dedb4a6</td></tr>
<tr>
<td title='com.pwc.productcentral.SanityTestCases.WEB_52_3()'><b>WEB_52_3</b><br>Test class: com.pwc.productcentral.SanityTestCases</td>
<td></td>
<td>0</td>
<td>com.pwc.productcentral.SanityTestCases@3dedb4a6</td></tr>
<tr>
<td title='com.pwc.productcentral.SanityTestCases.WEB_32()'><b>WEB_32</b><br>Test class: com.pwc.productcentral.SanityTestCases</td>
<td></td>
<td>24</td>
<td>com.pwc.productcentral.SanityTestCases@3dedb4a6</td></tr>
<tr>
<td title='com.pwc.productcentral.SanityTestCases.WEB_78()'><b>WEB_78</b><br>Test class: com.pwc.productcentral.SanityTestCases</td>
<td></td>
<td>11</td>
<td>com.pwc.productcentral.SanityTestCases@3dedb4a6</td></tr>
<tr>
<td title='com.pwc.productcentral.SanityTestCases.WEB_17()'><b>WEB_17</b><br>Test class: com.pwc.productcentral.SanityTestCases</td>
<td></td>
<td>0</td>
<td>com.pwc.productcentral.SanityTestCases@3dedb4a6</td></tr>
<tr>
<td title='com.pwc.productcentral.SanityTestCases.WEB_86()'><b>WEB_86</b><br>Test class: com.pwc.productcentral.SanityTestCases</td>
<td></td>
<td>22</td>
<td>com.pwc.productcentral.SanityTestCases@3dedb4a6</td></tr>
<tr>
<td title='com.pwc.productcentral.SanityTestCases.WEB_69()'><b>WEB_69</b><br>Test class: com.pwc.productcentral.SanityTestCases</td>
<td></td>
<td>70</td>
<td>com.pwc.productcentral.SanityTestCases@3dedb4a6</td></tr>
<tr>
<td title='com.pwc.productcentral.SanityTestCases.WEB_51()'><b>WEB_51</b><br>Test class: com.pwc.productcentral.SanityTestCases</td>
<td></td>
<td>23</td>
<td>com.pwc.productcentral.SanityTestCases@3dedb4a6</td></tr>
<tr>
<td title='com.pwc.productcentral.SanityTestCases.WEB_52_2()'><b>WEB_52_2</b><br>Test class: com.pwc.productcentral.SanityTestCases</td>
<td></td>
<td>1</td>
<td>com.pwc.productcentral.SanityTestCases@3dedb4a6</td></tr>
<tr>
<td title='com.pwc.productcentral.SanityTestCases.WEB_83()'><b>WEB_83</b><br>Test class: com.pwc.productcentral.SanityTestCases</td>
<td></td>
<td>28</td>
<td>com.pwc.productcentral.SanityTestCases@3dedb4a6</td></tr>
<tr>
<td title='com.pwc.productcentral.SanityTestCases.WEB_39()'><b>WEB_39</b><br>Test class: com.pwc.productcentral.SanityTestCases</td>
<td></td>
<td>0</td>
<td>com.pwc.productcentral.SanityTestCases@3dedb4a6</td></tr>
<tr>
<td title='com.pwc.productcentral.SanityTestCases.WEB_54()'><b>WEB_54</b><br>Test class: com.pwc.productcentral.SanityTestCases</td>
<td></td>
<td>25</td>
<td>com.pwc.productcentral.SanityTestCases@3dedb4a6</td></tr>
<tr>
<td title='com.pwc.productcentral.SanityTestCases.WEB_64()'><b>WEB_64</b><br>Test class: com.pwc.productcentral.SanityTestCases</td>
<td></td>
<td>29</td>
<td>com.pwc.productcentral.SanityTestCases@3dedb4a6</td></tr>
<tr>
<td title='com.pwc.productcentral.SanityTestCases.WEB_13()'><b>WEB_13</b><br>Test class: com.pwc.productcentral.SanityTestCases</td>
<td></td>
<td>26</td>
<td>com.pwc.productcentral.SanityTestCases@3dedb4a6</td></tr>
<tr>
<td title='com.pwc.productcentral.SanityTestCases.WEB_49()'><b>WEB_49</b><br>Test class: com.pwc.productcentral.SanityTestCases</td>
<td></td>
<td>1</td>
<td>com.pwc.productcentral.SanityTestCases@3dedb4a6</td></tr>
<tr>
<td title='com.pwc.productcentral.SanityTestCases.WEB_33()'><b>WEB_33</b><br>Test class: com.pwc.productcentral.SanityTestCases</td>
<td></td>
<td>33</td>
<td>com.pwc.productcentral.SanityTestCases@3dedb4a6</td></tr>
<tr>
<td title='com.pwc.productcentral.SanityTestCases.WEB_40()'><b>WEB_40</b><br>Test class: com.pwc.productcentral.SanityTestCases</td>
<td></td>
<td>7</td>
<td>com.pwc.productcentral.SanityTestCases@3dedb4a6</td></tr>
<tr>
<td title='com.pwc.productcentral.SanityTestCases.WEB_56()'><b>WEB_56</b><br>Test class: com.pwc.productcentral.SanityTestCases</td>
<td></td>
<td>23</td>
<td>com.pwc.productcentral.SanityTestCases@3dedb4a6</td></tr>
<tr>
<td title='com.pwc.productcentral.SanityTestCases.WEB_45()'><b>WEB_45</b><br>Test class: com.pwc.productcentral.SanityTestCases</td>
<td></td>
<td>7</td>
<td>com.pwc.productcentral.SanityTestCases@3dedb4a6</td></tr>
<tr>
<td title='com.pwc.productcentral.SanityTestCases.WEB_59()'><b>WEB_59</b><br>Test class: com.pwc.productcentral.SanityTestCases</td>
<td></td>
<td>22</td>
<td>com.pwc.productcentral.SanityTestCases@3dedb4a6</td></tr>
<tr>
<td title='com.pwc.productcentral.SanityTestCases.WEB_9()'><b>WEB_9</b><br>Test class: com.pwc.productcentral.SanityTestCases</td>
<td></td>
<td>15</td>
<td>com.pwc.productcentral.SanityTestCases@3dedb4a6</td></tr>
<tr>
<td title='com.pwc.productcentral.SanityTestCases.WEB_41()'><b>WEB_41</b><br>Test class: com.pwc.productcentral.SanityTestCases</td>
<td></td>
<td>8</td>
<td>com.pwc.productcentral.SanityTestCases@3dedb4a6</td></tr>
<tr>
<td title='com.pwc.productcentral.SanityTestCases.WEB_31_1()'><b>WEB_31_1</b><br>Test class: com.pwc.productcentral.SanityTestCases</td>
<td></td>
<td>20</td>
<td>com.pwc.productcentral.SanityTestCases@3dedb4a6</td></tr>
<tr>
<td title='com.pwc.productcentral.SanityTestCases.WEB_37()'><b>WEB_37</b><br>Test class: com.pwc.productcentral.SanityTestCases</td>
<td></td>
<td>23</td>
<td>com.pwc.productcentral.SanityTestCases@3dedb4a6</td></tr>
<tr>
<td title='com.pwc.productcentral.SanityTestCases.WEB_7()'><b>WEB_7</b><br>Test class: com.pwc.productcentral.SanityTestCases</td>
<td></td>
<td>1</td>
<td>com.pwc.productcentral.SanityTestCases@3dedb4a6</td></tr>
<tr>
<td title='com.pwc.productcentral.SanityTestCases.WEB_18()'><b>WEB_18</b><br>Test class: com.pwc.productcentral.SanityTestCases</td>
<td></td>
<td>1</td>
<td>com.pwc.productcentral.SanityTestCases@3dedb4a6</td></tr>
<tr>
<td title='com.pwc.productcentral.SanityTestCases.WEB_42()'><b>WEB_42</b><br>Test class: com.pwc.productcentral.SanityTestCases</td>
<td></td>
<td>1</td>
<td>com.pwc.productcentral.SanityTestCases@3dedb4a6</td></tr>
<tr>
<td title='com.pwc.productcentral.SanityTestCases.WEB_5()'><b>WEB_5</b><br>Test class: com.pwc.productcentral.SanityTestCases</td>
<td></td>
<td>4</td>
<td>com.pwc.productcentral.SanityTestCases@3dedb4a6</td></tr>
<tr>
<td title='com.pwc.productcentral.SanityTestCases.WEB_5_2()'><b>WEB_5_2</b><br>Test class: com.pwc.productcentral.SanityTestCases</td>
<td></td>
<td>9</td>
<td>com.pwc.productcentral.SanityTestCases@3dedb4a6</td></tr>
<tr>
<td title='com.pwc.productcentral.SanityTestCases.WEB_14()'><b>WEB_14</b><br>Test class: com.pwc.productcentral.SanityTestCases</td>
<td></td>
<td>1</td>
<td>com.pwc.productcentral.SanityTestCases@3dedb4a6</td></tr>
<tr>
<td title='com.pwc.productcentral.SanityTestCases.WEB_31()'><b>WEB_31</b><br>Test class: com.pwc.productcentral.SanityTestCases</td>
<td></td>
<td>1</td>
<td>com.pwc.productcentral.SanityTestCases@3dedb4a6</td></tr>
<tr>
<td title='com.pwc.productcentral.SanityTestCases.WEB_53()'><b>WEB_53</b><br>Test class: com.pwc.productcentral.SanityTestCases</td>
<td></td>
<td>21</td>
<td>com.pwc.productcentral.SanityTestCases@3dedb4a6</td></tr>
<tr>
<td title='com.pwc.productcentral.SanityTestCases.WEB_20()'><b>WEB_20</b><br>Test class: com.pwc.productcentral.SanityTestCases</td>
<td></td>
<td>1</td>
<td>com.pwc.productcentral.SanityTestCases@3dedb4a6</td></tr>
<tr>
<td title='com.pwc.productcentral.SanityTestCases.WEB_72()'><b>WEB_72</b><br>Test class: com.pwc.productcentral.SanityTestCases</td>
<td></td>
<td>20</td>
<td>com.pwc.productcentral.SanityTestCases@3dedb4a6</td></tr>
<tr>
<td title='com.pwc.productcentral.SanityTestCases.WEB_77()'><b>WEB_77</b><br>Test class: com.pwc.productcentral.SanityTestCases</td>
<td></td>
<td>27</td>
<td>com.pwc.productcentral.SanityTestCases@3dedb4a6</td></tr>
<tr>
<td title='com.pwc.productcentral.SanityTestCases.WEB_24()'><b>WEB_24</b><br>Test class: com.pwc.productcentral.SanityTestCases</td>
<td></td>
<td>13</td>
<td>com.pwc.productcentral.SanityTestCases@3dedb4a6</td></tr>
<tr>
<td title='com.pwc.productcentral.SanityTestCases.WEB_75()'><b>WEB_75</b><br>Test class: com.pwc.productcentral.SanityTestCases</td>
<td></td>
<td>39</td>
<td>com.pwc.productcentral.SanityTestCases@3dedb4a6</td></tr>
<tr>
<td title='com.pwc.productcentral.SanityTestCases.WEB_4()'><b>WEB_4</b><br>Test class: com.pwc.productcentral.SanityTestCases</td>
<td></td>
<td>5</td>
<td>com.pwc.productcentral.SanityTestCases@3dedb4a6</td></tr>
<tr>
<td title='com.pwc.productcentral.SanityTestCases.WEB_61()'><b>WEB_61</b><br>Test class: com.pwc.productcentral.SanityTestCases</td>
<td></td>
<td>45</td>
<td>com.pwc.productcentral.SanityTestCases@3dedb4a6</td></tr>
<tr>
<td title='com.pwc.productcentral.SanityTestCases.WEB_84()'><b>WEB_84</b><br>Test class: com.pwc.productcentral.SanityTestCases</td>
<td></td>
<td>33</td>
<td>com.pwc.productcentral.SanityTestCases@3dedb4a6</td></tr>
<tr>
<td title='com.pwc.productcentral.SanityTestCases.WEB_23()'><b>WEB_23</b><br>Test class: com.pwc.productcentral.SanityTestCases</td>
<td></td>
<td>13</td>
<td>com.pwc.productcentral.SanityTestCases@3dedb4a6</td></tr>
<tr>
<td title='com.pwc.productcentral.SanityTestCases.WEB_35()'><b>WEB_35</b><br>Test class: com.pwc.productcentral.SanityTestCases</td>
<td></td>
<td>48</td>
<td>com.pwc.productcentral.SanityTestCases@3dedb4a6</td></tr>
<tr>
<td title='com.pwc.productcentral.SanityTestCases.WEB_57()'><b>WEB_57</b><br>Test class: com.pwc.productcentral.SanityTestCases</td>
<td></td>
<td>27</td>
<td>com.pwc.productcentral.SanityTestCases@3dedb4a6</td></tr>
<tr>
<td title='com.pwc.productcentral.SanityTestCases.WEB_8()'><b>WEB_8</b><br>Test class: com.pwc.productcentral.SanityTestCases</td>
<td></td>
<td>7</td>
<td>com.pwc.productcentral.SanityTestCases@3dedb4a6</td></tr>
<tr>
<td title='com.pwc.productcentral.SanityTestCases.WEB_80()'><b>WEB_80</b><br>Test class: com.pwc.productcentral.SanityTestCases</td>
<td></td>
<td>29</td>
<td>com.pwc.productcentral.SanityTestCases@3dedb4a6</td></tr>
<tr>
<td title='com.pwc.productcentral.SanityTestCases.WEB_82()'><b>WEB_82</b><br>Test class: com.pwc.productcentral.SanityTestCases</td>
<td></td>
<td>109</td>
<td>com.pwc.productcentral.SanityTestCases@3dedb4a6</td></tr>
<tr>
<td title='com.pwc.productcentral.SanityTestCases.WEB_85()'><b>WEB_85</b><br>Test class: com.pwc.productcentral.SanityTestCases</td>
<td></td>
<td>54</td>
<td>com.pwc.productcentral.SanityTestCases@3dedb4a6</td></tr>
</table><p>
</body>
</html>