<?xml version="1.0" encoding="UTF-8"?>
<!-- Generated by org.testng.reporters.JUnitXMLReporter -->
<testsuite ignored="81" hostname="DESKTOP-UFMB1VQ" failures="1" tests="3" name="Default test" time="15.501" errors="0" timestamp="2023-01-09T12:32:39 EST">
  <testcase classname="com.pwc.productcentral.SanityTestCases" name="WEB_1" time="2.213"/>
  <testcase classname="com.pwc.productcentral.SanityTestCases" name="WEB_2" time="1.15"/>
  <testcase classname="com.pwc.productcentral.SanityTestCases" name="WEB_71" time="11.938">
    <failure type="org.openqa.selenium.WebDriverException" message="unknown error: cannot determine loading status
from unknown error: cannot determine loading status
from disconnected: received Inspector.detached event
  (Session info: chrome=108.0.5359.125)
Build info: version: &amp;apos;3.14.0&amp;apos;, revision: &amp;apos;aacccce0&amp;apos;, time: &amp;apos;2018-08-02T20:19:58.91Z&amp;apos;
System info: host: &amp;apos;DESKTOP-UFMB1VQ&amp;apos;, ip: &amp;apos;10.0.0.10&amp;apos;, os.name: &amp;apos;Windows 11&amp;apos;, os.arch: &amp;apos;amd64&amp;apos;, os.version: &amp;apos;10.0&amp;apos;, java.version: &amp;apos;18.0.2.1&amp;apos;
Driver info: org.openqa.selenium.chrome.ChromeDriver
Capabilities {acceptInsecureCerts: false, browserName: chrome, browserVersion: 108.0.5359.125, chrome: {chromedriverVersion: 108.0.5359.71 (1e0e3868ee06..., userDataDir: C:\Users\erong\AppData\Loca...}, goog:chromeOptions: {debuggerAddress: localhost:63466}, javascriptEnabled: true, networkConnectionEnabled: false, pageLoadStrategy: normal, platform: WINDOWS, platformName: WINDOWS, proxy: Proxy(), setWindowRect: true, strictFileInteractability: false, timeouts: {implicit: 0, pageLoad: 300000, script: 30000}, unhandledPromptBehavior: dismiss and notify, webauthn:extension:credBlob: true, webauthn:extension:largeBlob: true, webauthn:virtualAuthenticators: true}
Session ID: 031a45eaefad49a0f3ff52e3b7d50ebc">
      <![CDATA[org.openqa.selenium.WebDriverException: unknown error: cannot determine loading status
from unknown error: cannot determine loading status
from disconnected: received Inspector.detached event
  (Session info: chrome=108.0.5359.125)
Build info: version: '3.14.0', revision: 'aacccce0', time: '2018-08-02T20:19:58.91Z'
System info: host: 'DESKTOP-UFMB1VQ', ip: '10.0.0.10', os.name: 'Windows 11', os.arch: 'amd64', os.version: '10.0', java.version: '18.0.2.1'
Driver info: org.openqa.selenium.chrome.ChromeDriver
Capabilities {acceptInsecureCerts: false, browserName: chrome, browserVersion: 108.0.5359.125, chrome: {chromedriverVersion: 108.0.5359.71 (1e0e3868ee06..., userDataDir: C:\Users\erong\AppData\Loca...}, goog:chromeOptions: {debuggerAddress: localhost:63466}, javascriptEnabled: true, networkConnectionEnabled: false, pageLoadStrategy: normal, platform: WINDOWS, platformName: WINDOWS, proxy: Proxy(), setWindowRect: true, strictFileInteractability: false, timeouts: {implicit: 0, pageLoad: 300000, script: 30000}, unhandledPromptBehavior: dismiss and notify, webauthn:extension:credBlob: true, webauthn:extension:largeBlob: true, webauthn:virtualAuthenticators: true}
Session ID: 031a45eaefad49a0f3ff52e3b7d50ebc
at java.base/jdk.internal.reflect.DirectConstructorHandleAccessor.newInstance(DirectConstructorHandleAccessor.java:67)
at java.base/java.lang.reflect.Constructor.newInstanceWithCaller(Constructor.java:499)
at java.base/java.lang.reflect.Constructor.newInstance(Constructor.java:483)
at org.openqa.selenium.remote.http.W3CHttpResponseCodec.createException(W3CHttpResponseCodec.java:187)
at org.openqa.selenium.remote.http.W3CHttpResponseCodec.decode(W3CHttpResponseCodec.java:122)
at org.openqa.selenium.remote.http.W3CHttpResponseCodec.decode(W3CHttpResponseCodec.java:49)
at org.openqa.selenium.remote.HttpCommandExecutor.execute(HttpCommandExecutor.java:158)
at org.openqa.selenium.remote.service.DriverCommandExecutor.execute(DriverCommandExecutor.java:83)
at org.openqa.selenium.remote.RemoteWebDriver.execute(RemoteWebDriver.java:548)
at org.openqa.selenium.remote.RemoteWebDriver.get(RemoteWebDriver.java:276)
at Pages.AuthoringPage.setContentAuthorization(AuthoringPage.java:989)
at com.pwc.productcentral.SanityTestCases.WEB_71(SanityTestCases.java:934)
at java.base/jdk.internal.reflect.DirectMethodHandleAccessor.invoke(DirectMethodHandleAccessor.java:104)
at java.base/java.lang.reflect.Method.invoke(Method.java:577)
at org.testng.internal.MethodInvocationHelper.invokeMethod(MethodInvocationHelper.java:133)
at org.testng.internal.TestInvoker.invokeMethod(TestInvoker.java:598)
at org.testng.internal.TestInvoker.invokeTestMethod(TestInvoker.java:173)
at org.testng.internal.MethodRunner.runInSequence(MethodRunner.java:46)
at org.testng.internal.TestInvoker$MethodInvocationAgent.invoke(TestInvoker.java:824)
at org.testng.internal.TestInvoker.invokeTestMethods(TestInvoker.java:146)
at org.testng.internal.TestMethodWorker.invokeTestMethods(TestMethodWorker.java:146)
at org.testng.internal.TestMethodWorker.run(TestMethodWorker.java:128)
at java.base/java.util.ArrayList.forEach(ArrayList.java:1511)
at org.testng.TestRunner.privateRun(TestRunner.java:794)
at org.testng.TestRunner.run(TestRunner.java:596)
at org.testng.SuiteRunner.runTest(SuiteRunner.java:377)
at org.testng.SuiteRunner.runSequentially(SuiteRunner.java:371)
at org.testng.SuiteRunner.privateRun(SuiteRunner.java:332)
at org.testng.SuiteRunner.run(SuiteRunner.java:276)
at org.testng.SuiteRunnerWorker.runSuite(SuiteRunnerWorker.java:53)
at org.testng.SuiteRunnerWorker.run(SuiteRunnerWorker.java:96)
at org.testng.TestNG.runSuitesSequentially(TestNG.java:1212)
at org.testng.TestNG.runSuitesLocally(TestNG.java:1134)
at org.testng.TestNG.runSuites(TestNG.java:1063)
at org.testng.TestNG.run(TestNG.java:1031)
at org.testng.remote.AbstractRemoteTestNG.run(AbstractRemoteTestNG.java:115)
at org.testng.remote.RemoteTestNG.initAndRun(RemoteTestNG.java:251)
at org.testng.remote.RemoteTestNG.main(RemoteTestNG.java:77)
]]>
    </failure>
  </testcase> <!-- WEB_71 -->
  <testcase classname="com.pwc.productcentral.SanityTestCases" name="WEB_3" time="0.0">
    <ignored/>
  </testcase> <!-- WEB_3 -->
  <testcase classname="com.pwc.productcentral.SanityTestCases" name="WEB_6" time="0.0">
    <ignored/>
  </testcase> <!-- WEB_6 -->
  <testcase classname="com.pwc.productcentral.SanityTestCases" name="WEB_9" time="0.0">
    <ignored/>
  </testcase> <!-- WEB_9 -->
  <testcase classname="com.pwc.productcentral.SanityTestCases" name="WEB_4" time="0.0">
    <ignored/>
  </testcase> <!-- WEB_4 -->
  <testcase classname="com.pwc.productcentral.SanityTestCases" name="WEB_52_1" time="0.0">
    <ignored/>
  </testcase> <!-- WEB_52_1 -->
  <testcase classname="com.pwc.productcentral.SanityTestCases" name="WEB_7" time="0.0">
    <ignored/>
  </testcase> <!-- WEB_7 -->
  <testcase classname="com.pwc.productcentral.SanityTestCases" name="WEB_14_2" time="0.0">
    <ignored/>
  </testcase> <!-- WEB_14_2 -->
  <testcase classname="com.pwc.productcentral.SanityTestCases" name="WEB_40" time="0.0">
    <ignored/>
  </testcase> <!-- WEB_40 -->
  <testcase classname="com.pwc.productcentral.SanityTestCases" name="WEB_8" time="0.0">
    <ignored/>
  </testcase> <!-- WEB_8 -->
  <testcase classname="com.pwc.productcentral.SanityTestCases" name="WEB_14_1" time="0.0">
    <ignored/>
  </testcase> <!-- WEB_14_1 -->
  <testcase classname="com.pwc.productcentral.SanityTestCases" name="WEB_42" time="0.0">
    <ignored/>
  </testcase> <!-- WEB_42 -->
  <testcase classname="com.pwc.productcentral.SanityTestCases" name="WEB_47" time="0.0">
    <ignored/>
  </testcase> <!-- WEB_47 -->
  <testcase classname="com.pwc.productcentral.SanityTestCases" name="WEB_14_3" time="0.0">
    <ignored/>
  </testcase> <!-- WEB_14_3 -->
  <testcase classname="com.pwc.productcentral.SanityTestCases" name="WEB_44" time="0.0">
    <ignored/>
  </testcase> <!-- WEB_44 -->
  <testcase classname="com.pwc.productcentral.SanityTestCases" name="WEB_41" time="0.0">
    <ignored/>
  </testcase> <!-- WEB_41 -->
  <testcase classname="com.pwc.productcentral.SanityTestCases" name="WEB_46" time="0.0">
    <ignored/>
  </testcase> <!-- WEB_46 -->
  <testcase classname="com.pwc.productcentral.SanityTestCases" name="WEB_48" time="0.0">
    <ignored/>
  </testcase> <!-- WEB_48 -->
  <testcase classname="com.pwc.productcentral.SanityTestCases" name="WEB_45" time="0.0">
    <ignored/>
  </testcase> <!-- WEB_45 -->
  <testcase classname="com.pwc.productcentral.SanityTestCases" name="WEB_49" time="0.0">
    <ignored/>
  </testcase> <!-- WEB_49 -->
  <testcase classname="com.pwc.productcentral.SanityTestCases" name="WEB_43" time="0.0">
    <ignored/>
  </testcase> <!-- WEB_43 -->
  <testcase classname="com.pwc.productcentral.SanityTestCases" name="WEB_5_2" time="0.0">
    <ignored/>
  </testcase> <!-- WEB_5_2 -->
  <testcase classname="com.pwc.productcentral.SanityTestCases" name="WEB_5" time="0.0">
    <ignored/>
  </testcase> <!-- WEB_5 -->
  <testcase classname="com.pwc.productcentral.SanityTestCases" name="WEB_50" time="0.0">
    <ignored/>
  </testcase> <!-- WEB_50 -->
  <testcase classname="com.pwc.productcentral.SanityTestCases" name="WEB_51" time="0.0">
    <ignored/>
  </testcase> <!-- WEB_51 -->
  <testcase classname="com.pwc.productcentral.SanityTestCases" name="WEB_53" time="0.0">
    <ignored/>
  </testcase> <!-- WEB_53 -->
  <testcase classname="com.pwc.productcentral.SanityTestCases" name="WEB_14" time="0.0">
    <ignored/>
  </testcase> <!-- WEB_14 -->
  <testcase classname="com.pwc.productcentral.SanityTestCases" name="WEB_58" time="0.0">
    <ignored/>
  </testcase> <!-- WEB_58 -->
  <testcase classname="com.pwc.productcentral.SanityTestCases" name="WEB_11" time="0.0">
    <ignored/>
  </testcase> <!-- WEB_11 -->
  <testcase classname="com.pwc.productcentral.SanityTestCases" name="WEB_55" time="0.0">
    <ignored/>
  </testcase> <!-- WEB_55 -->
  <testcase classname="com.pwc.productcentral.SanityTestCases" name="WEB_52" time="0.0">
    <ignored/>
  </testcase> <!-- WEB_52 -->
  <testcase classname="com.pwc.productcentral.SanityTestCases" name="WEB_13" time="0.0">
    <ignored/>
  </testcase> <!-- WEB_13 -->
  <testcase classname="com.pwc.productcentral.SanityTestCases" name="WEB_57" time="0.0">
    <ignored/>
  </testcase> <!-- WEB_57 -->
  <testcase classname="com.pwc.productcentral.SanityTestCases" name="WEB_15" time="0.0">
    <ignored/>
  </testcase> <!-- WEB_15 -->
  <testcase classname="com.pwc.productcentral.SanityTestCases" name="WEB_59" time="0.0">
    <ignored/>
  </testcase> <!-- WEB_59 -->
  <testcase classname="com.pwc.productcentral.SanityTestCases" name="WEB_12" time="0.0">
    <ignored/>
  </testcase> <!-- WEB_12 -->
  <testcase classname="com.pwc.productcentral.SanityTestCases" name="WEB_56" time="0.0">
    <ignored/>
  </testcase> <!-- WEB_56 -->
  <testcase classname="com.pwc.productcentral.SanityTestCases" name="WEB_17" time="0.0">
    <ignored/>
  </testcase> <!-- WEB_17 -->
  <testcase classname="com.pwc.productcentral.SanityTestCases" name="WEB_19" time="0.0">
    <ignored/>
  </testcase> <!-- WEB_19 -->
  <testcase classname="com.pwc.productcentral.SanityTestCases" name="WEB_16" time="0.0">
    <ignored/>
  </testcase> <!-- WEB_16 -->
  <testcase classname="com.pwc.productcentral.SanityTestCases" name="WEB_10" time="0.0">
    <ignored/>
  </testcase> <!-- WEB_10 -->
  <testcase classname="com.pwc.productcentral.SanityTestCases" name="WEB_54" time="0.0">
    <ignored/>
  </testcase> <!-- WEB_54 -->
  <testcase classname="com.pwc.productcentral.SanityTestCases" name="WEB_52_3" time="0.0">
    <ignored/>
  </testcase> <!-- WEB_52_3 -->
  <testcase classname="com.pwc.productcentral.SanityTestCases" name="WEB_52_4" time="0.0">
    <ignored/>
  </testcase> <!-- WEB_52_4 -->
  <testcase classname="com.pwc.productcentral.SanityTestCases" name="WEB_52_2" time="0.0">
    <ignored/>
  </testcase> <!-- WEB_52_2 -->
  <testcase classname="com.pwc.productcentral.SanityTestCases" name="WEB_31_1" time="0.0">
    <ignored/>
  </testcase> <!-- WEB_31_1 -->
  <testcase classname="com.pwc.productcentral.SanityTestCases" name="WEB_18" time="0.0">
    <ignored/>
  </testcase> <!-- WEB_18 -->
  <testcase classname="com.pwc.productcentral.SanityTestCases" name="WEB_52_5" time="0.0">
    <ignored/>
  </testcase> <!-- WEB_52_5 -->
  <testcase classname="com.pwc.productcentral.SanityTestCases" name="WEB_61" time="0.0">
    <ignored/>
  </testcase> <!-- WEB_61 -->
  <testcase classname="com.pwc.productcentral.SanityTestCases" name="WEB_13_3" time="0.0">
    <ignored/>
  </testcase> <!-- WEB_13_3 -->
  <testcase classname="com.pwc.productcentral.SanityTestCases" name="WEB_60" time="0.0">
    <ignored/>
  </testcase> <!-- WEB_60 -->
  <testcase classname="com.pwc.productcentral.SanityTestCases" name="WEB_62" time="0.0">
    <ignored/>
  </testcase> <!-- WEB_62 -->
  <testcase classname="com.pwc.productcentral.SanityTestCases" name="WEB_13_2" time="0.0">
    <ignored/>
  </testcase> <!-- WEB_13_2 -->
  <testcase classname="com.pwc.productcentral.SanityTestCases" name="WEB_20" time="0.0">
    <ignored/>
  </testcase> <!-- WEB_20 -->
  <testcase classname="com.pwc.productcentral.SanityTestCases" name="WEB_64" time="0.0">
    <ignored/>
  </testcase> <!-- WEB_64 -->
  <testcase classname="com.pwc.productcentral.SanityTestCases" name="WEB_25" time="0.0">
    <ignored/>
  </testcase> <!-- WEB_25 -->
  <testcase classname="com.pwc.productcentral.SanityTestCases" name="WEB_69" time="0.0">
    <ignored/>
  </testcase> <!-- WEB_69 -->
  <testcase classname="com.pwc.productcentral.SanityTestCases" name="WEB_22" time="0.0">
    <ignored/>
  </testcase> <!-- WEB_22 -->
  <testcase classname="com.pwc.productcentral.SanityTestCases" name="WEB_66" time="0.0">
    <ignored/>
  </testcase> <!-- WEB_66 -->
  <testcase classname="com.pwc.productcentral.SanityTestCases" name="WEB_63" time="0.0">
    <ignored/>
  </testcase> <!-- WEB_63 -->
  <testcase classname="com.pwc.productcentral.SanityTestCases" name="WEB_24" time="0.0">
    <ignored/>
  </testcase> <!-- WEB_24 -->
  <testcase classname="com.pwc.productcentral.SanityTestCases" name="WEB_68" time="0.0">
    <ignored/>
  </testcase> <!-- WEB_68 -->
  <testcase classname="com.pwc.productcentral.SanityTestCases" name="WEB_26" time="0.0">
    <ignored/>
  </testcase> <!-- WEB_26 -->
  <testcase classname="com.pwc.productcentral.SanityTestCases" name="WEB_23" time="0.0">
    <ignored/>
  </testcase> <!-- WEB_23 -->
  <testcase classname="com.pwc.productcentral.SanityTestCases" name="WEB_67" time="0.0">
    <ignored/>
  </testcase> <!-- WEB_67 -->
  <testcase classname="com.pwc.productcentral.SanityTestCases" name="WEB_28" time="0.0">
    <ignored/>
  </testcase> <!-- WEB_28 -->
  <testcase classname="com.pwc.productcentral.SanityTestCases" name="WEB_27" time="0.0">
    <ignored/>
  </testcase> <!-- WEB_27 -->
  <testcase classname="com.pwc.productcentral.SanityTestCases" name="WEB_21" time="0.0">
    <ignored/>
  </testcase> <!-- WEB_21 -->
  <testcase classname="com.pwc.productcentral.SanityTestCases" name="WEB_65" time="0.0">
    <ignored/>
  </testcase> <!-- WEB_65 -->
  <testcase classname="com.pwc.productcentral.SanityTestCases" name="WEB_29" time="0.0">
    <ignored/>
  </testcase> <!-- WEB_29 -->
  <testcase classname="com.pwc.productcentral.SanityTestCases" name="WEB_70" time="0.0">
    <ignored/>
  </testcase> <!-- WEB_70 -->
  <testcase classname="com.pwc.productcentral.SanityTestCases" name="WEB_31" time="0.0">
    <ignored/>
  </testcase> <!-- WEB_31 -->
  <testcase classname="com.pwc.productcentral.SanityTestCases" name="WEB_36" time="0.0">
    <ignored/>
  </testcase> <!-- WEB_36 -->
  <testcase classname="com.pwc.productcentral.SanityTestCases" name="WEB_33" time="0.0">
    <ignored/>
  </testcase> <!-- WEB_33 -->
  <testcase classname="com.pwc.productcentral.SanityTestCases" name="WEB_30" time="0.0">
    <ignored/>
  </testcase> <!-- WEB_30 -->
  <testcase classname="com.pwc.productcentral.SanityTestCases" name="WEB_35" time="0.0">
    <ignored/>
  </testcase> <!-- WEB_35 -->
  <testcase classname="com.pwc.productcentral.SanityTestCases" name="WEB_37" time="0.0">
    <ignored/>
  </testcase> <!-- WEB_37 -->
  <testcase classname="com.pwc.productcentral.SanityTestCases" name="WEB_34" time="0.0">
    <ignored/>
  </testcase> <!-- WEB_34 -->
  <testcase classname="com.pwc.productcentral.SanityTestCases" name="WEB_39" time="0.0">
    <ignored/>
  </testcase> <!-- WEB_39 -->
  <testcase classname="com.pwc.productcentral.SanityTestCases" name="WEB_38" time="0.0">
    <ignored/>
  </testcase> <!-- WEB_38 -->
  <testcase classname="com.pwc.productcentral.SanityTestCases" name="WEB_32" time="0.0">
    <ignored/>
  </testcase> <!-- WEB_32 -->
  <testcase classname="com.pwc.productcentral.SanityTestCases" name="WEB_13_1" time="0.0">
    <ignored/>
  </testcase> <!-- WEB_13_1 -->
</testsuite> <!-- Default test -->
