<?xml version="1.0" encoding="UTF-8"?>
<!-- Generated by org.testng.reporters.JUnitXMLReporter -->
<testsuite ignored="58" hostname="DESKTOP-UFMB1VQ" failures="0" tests="1" name="Default test" time="20.09" errors="0" timestamp="2022-12-20T11:32:29 EST">
  <testcase classname="com.pwc.productcentral.SanityTestCases" name="WEB_48" time="19.951"/>
  <testcase classname="com.pwc.productcentral.SanityTestCases" name="WEB_3" time="0.0">
    <ignored/>
  </testcase> <!-- WEB_3 -->
  <testcase classname="com.pwc.productcentral.SanityTestCases" name="WEB_6" time="0.0">
    <ignored/>
  </testcase> <!-- WEB_6 -->
  <testcase classname="com.pwc.productcentral.SanityTestCases" name="WEB_9" time="0.0">
    <ignored/>
  </testcase> <!-- WEB_9 -->
  <testcase classname="com.pwc.productcentral.SanityTestCases" name="WEB_4" time="0.0">
    <ignored/>
  </testcase> <!-- WEB_4 -->
  <testcase classname="com.pwc.productcentral.SanityTestCases" name="WEB_7" time="0.0">
    <ignored/>
  </testcase> <!-- WEB_7 -->
  <testcase classname="com.pwc.productcentral.SanityTestCases" name="WEB_14_2" time="0.0">
    <ignored/>
  </testcase> <!-- WEB_14_2 -->
  <testcase classname="com.pwc.productcentral.SanityTestCases" name="WEB_40" time="0.0">
    <ignored/>
  </testcase> <!-- WEB_40 -->
  <testcase classname="com.pwc.productcentral.SanityTestCases" name="WEB_8" time="0.0">
    <ignored/>
  </testcase> <!-- WEB_8 -->
  <testcase classname="com.pwc.productcentral.SanityTestCases" name="WEB_14_1" time="0.0">
    <ignored/>
  </testcase> <!-- WEB_14_1 -->
  <testcase classname="com.pwc.productcentral.SanityTestCases" name="WEB_42" time="0.0">
    <ignored/>
  </testcase> <!-- WEB_42 -->
  <testcase classname="com.pwc.productcentral.SanityTestCases" name="WEB_47" time="0.0">
    <ignored/>
  </testcase> <!-- WEB_47 -->
  <testcase classname="com.pwc.productcentral.SanityTestCases" name="WEB_14_3" time="0.0">
    <ignored/>
  </testcase> <!-- WEB_14_3 -->
  <testcase classname="com.pwc.productcentral.SanityTestCases" name="WEB_44" time="0.0">
    <ignored/>
  </testcase> <!-- WEB_44 -->
  <testcase classname="com.pwc.productcentral.SanityTestCases" name="WEB_1" time="0.0">
    <ignored/>
  </testcase> <!-- WEB_1 -->
  <testcase classname="com.pwc.productcentral.SanityTestCases" name="WEB_41" time="0.0">
    <ignored/>
  </testcase> <!-- WEB_41 -->
  <testcase classname="com.pwc.productcentral.SanityTestCases" name="WEB_46" time="0.0">
    <ignored/>
  </testcase> <!-- WEB_46 -->
  <testcase classname="com.pwc.productcentral.SanityTestCases" name="WEB_2" time="0.0">
    <ignored/>
  </testcase> <!-- WEB_2 -->
  <testcase classname="com.pwc.productcentral.SanityTestCases" name="WEB_45" time="0.0">
    <ignored/>
  </testcase> <!-- WEB_45 -->
  <testcase classname="com.pwc.productcentral.SanityTestCases" name="WEB_49" time="0.0">
    <ignored/>
  </testcase> <!-- WEB_49 -->
  <testcase classname="com.pwc.productcentral.SanityTestCases" name="WEB_43" time="0.0">
    <ignored/>
  </testcase> <!-- WEB_43 -->
  <testcase classname="com.pwc.productcentral.SanityTestCases" name="WEB_5_2" time="0.0">
    <ignored/>
  </testcase> <!-- WEB_5_2 -->
  <testcase classname="com.pwc.productcentral.SanityTestCases" name="WEB_5" time="0.0">
    <ignored/>
  </testcase> <!-- WEB_5 -->
  <testcase classname="com.pwc.productcentral.SanityTestCases" name="WEB_50" time="0.0">
    <ignored/>
  </testcase> <!-- WEB_50 -->
  <testcase classname="com.pwc.productcentral.SanityTestCases" name="WEB_51" time="0.0">
    <ignored/>
  </testcase> <!-- WEB_51 -->
  <testcase classname="com.pwc.productcentral.SanityTestCases" name="WEB_14" time="0.0">
    <ignored/>
  </testcase> <!-- WEB_14 -->
  <testcase classname="com.pwc.productcentral.SanityTestCases" name="WEB_11" time="0.0">
    <ignored/>
  </testcase> <!-- WEB_11 -->
  <testcase classname="com.pwc.productcentral.SanityTestCases" name="WEB_13" time="0.0">
    <ignored/>
  </testcase> <!-- WEB_13 -->
  <testcase classname="com.pwc.productcentral.SanityTestCases" name="WEB_15" time="0.0">
    <ignored/>
  </testcase> <!-- WEB_15 -->
  <testcase classname="com.pwc.productcentral.SanityTestCases" name="WEB_12" time="0.0">
    <ignored/>
  </testcase> <!-- WEB_12 -->
  <testcase classname="com.pwc.productcentral.SanityTestCases" name="WEB_17" time="0.0">
    <ignored/>
  </testcase> <!-- WEB_17 -->
  <testcase classname="com.pwc.productcentral.SanityTestCases" name="WEB_19" time="0.0">
    <ignored/>
  </testcase> <!-- WEB_19 -->
  <testcase classname="com.pwc.productcentral.SanityTestCases" name="WEB_16" time="0.0">
    <ignored/>
  </testcase> <!-- WEB_16 -->
  <testcase classname="com.pwc.productcentral.SanityTestCases" name="WEB_10" time="0.0">
    <ignored/>
  </testcase> <!-- WEB_10 -->
  <testcase classname="com.pwc.productcentral.SanityTestCases" name="WEB_31_1" time="0.0">
    <ignored/>
  </testcase> <!-- WEB_31_1 -->
  <testcase classname="com.pwc.productcentral.SanityTestCases" name="WEB_18" time="0.0">
    <ignored/>
  </testcase> <!-- WEB_18 -->
  <testcase classname="com.pwc.productcentral.SanityTestCases" name="WEB_13_3" time="0.0">
    <ignored/>
  </testcase> <!-- WEB_13_3 -->
  <testcase classname="com.pwc.productcentral.SanityTestCases" name="WEB_13_2" time="0.0">
    <ignored/>
  </testcase> <!-- WEB_13_2 -->
  <testcase classname="com.pwc.productcentral.SanityTestCases" name="WEB_20" time="0.0">
    <ignored/>
  </testcase> <!-- WEB_20 -->
  <testcase classname="com.pwc.productcentral.SanityTestCases" name="WEB_25" time="0.0">
    <ignored/>
  </testcase> <!-- WEB_25 -->
  <testcase classname="com.pwc.productcentral.SanityTestCases" name="WEB_22" time="0.0">
    <ignored/>
  </testcase> <!-- WEB_22 -->
  <testcase classname="com.pwc.productcentral.SanityTestCases" name="WEB_24" time="0.0">
    <ignored/>
  </testcase> <!-- WEB_24 -->
  <testcase classname="com.pwc.productcentral.SanityTestCases" name="WEB_26" time="0.0">
    <ignored/>
  </testcase> <!-- WEB_26 -->
  <testcase classname="com.pwc.productcentral.SanityTestCases" name="WEB_23" time="0.0">
    <ignored/>
  </testcase> <!-- WEB_23 -->
  <testcase classname="com.pwc.productcentral.SanityTestCases" name="WEB_28" time="0.0">
    <ignored/>
  </testcase> <!-- WEB_28 -->
  <testcase classname="com.pwc.productcentral.SanityTestCases" name="WEB_27" time="0.0">
    <ignored/>
  </testcase> <!-- WEB_27 -->
  <testcase classname="com.pwc.productcentral.SanityTestCases" name="WEB_21" time="0.0">
    <ignored/>
  </testcase> <!-- WEB_21 -->
  <testcase classname="com.pwc.productcentral.SanityTestCases" name="WEB_29" time="0.0">
    <ignored/>
  </testcase> <!-- WEB_29 -->
  <testcase classname="com.pwc.productcentral.SanityTestCases" name="WEB_31" time="0.0">
    <ignored/>
  </testcase> <!-- WEB_31 -->
  <testcase classname="com.pwc.productcentral.SanityTestCases" name="WEB_36" time="0.0">
    <ignored/>
  </testcase> <!-- WEB_36 -->
  <testcase classname="com.pwc.productcentral.SanityTestCases" name="WEB_33" time="0.0">
    <ignored/>
  </testcase> <!-- WEB_33 -->
  <testcase classname="com.pwc.productcentral.SanityTestCases" name="WEB_30" time="0.0">
    <ignored/>
  </testcase> <!-- WEB_30 -->
  <testcase classname="com.pwc.productcentral.SanityTestCases" name="WEB_35" time="0.0">
    <ignored/>
  </testcase> <!-- WEB_35 -->
  <testcase classname="com.pwc.productcentral.SanityTestCases" name="WEB_37" time="0.0">
    <ignored/>
  </testcase> <!-- WEB_37 -->
  <testcase classname="com.pwc.productcentral.SanityTestCases" name="WEB_34" time="0.0">
    <ignored/>
  </testcase> <!-- WEB_34 -->
  <testcase classname="com.pwc.productcentral.SanityTestCases" name="WEB_39" time="0.0">
    <ignored/>
  </testcase> <!-- WEB_39 -->
  <testcase classname="com.pwc.productcentral.SanityTestCases" name="WEB_38" time="0.0">
    <ignored/>
  </testcase> <!-- WEB_38 -->
  <testcase classname="com.pwc.productcentral.SanityTestCases" name="WEB_32" time="0.0">
    <ignored/>
  </testcase> <!-- WEB_32 -->
  <testcase classname="com.pwc.productcentral.SanityTestCases" name="WEB_13_1" time="0.0">
    <ignored/>
  </testcase> <!-- WEB_13_1 -->
</testsuite> <!-- Default test -->
