<?xml version="1.0" encoding="UTF-8"?>
<testng-results ignored="85" total="86" passed="1" failed="0" skipped="0">
  <reporter-output>
  </reporter-output>
  <suite started-at="2023-01-11T11:41:31 EST" name="Default suite" finished-at="2023-01-11T11:41:55 EST" duration-ms="23686">
    <groups>
    </groups>
    <test started-at="2023-01-11T11:41:31 EST" name="Default test" finished-at="2023-01-11T11:41:55 EST" duration-ms="23686">
      <class name="com.pwc.productcentral.SanityTestCases">
        <test-method is-config="true" signature="setUp()[pri:0, instance:com.pwc.productcentral.SanityTestCases@304a9d7b]" started-at="2023-01-11T11:41:31 EST" name="setUp" finished-at="2023-01-11T11:41:31 EST" duration-ms="103" status="PASS">
          <reporter-output>
          </reporter-output>
        </test-method> <!-- setUp -->
        <test-method is-config="true" signature="initTest()[pri:0, instance:com.pwc.productcentral.SanityTestCases@304a9d7b]" started-at="2023-01-11T11:41:31 EST" name="initTest" finished-at="2023-01-11T11:41:31 EST" duration-ms="127" status="PASS">
          <reporter-output>
          </reporter-output>
        </test-method> <!-- initTest -->
        <test-method signature="WEB_70()[pri:0, instance:com.pwc.productcentral.SanityTestCases@304a9d7b]" started-at="2023-01-11T11:41:31 EST" name="WEB_70" finished-at="2023-01-11T11:41:55 EST" duration-ms="23539" status="PASS">
          <reporter-output>
          </reporter-output>
        </test-method> <!-- WEB_70 -->
        <test-method is-config="true" signature="closingBrowser()[pri:0, instance:com.pwc.productcentral.SanityTestCases@304a9d7b]" started-at="2023-01-11T11:41:55 EST" name="closingBrowser" finished-at="2023-01-11T11:41:55 EST" duration-ms="168" status="PASS">
          <reporter-output>
          </reporter-output>
        </test-method> <!-- closingBrowser -->
      </class> <!-- com.pwc.productcentral.SanityTestCases -->
    </test> <!-- Default test -->
  </suite> <!-- Default suite -->
</testng-results>
