<?xml version="1.0" encoding="UTF-8"?>
<testng-results ignored="82" total="83" passed="1" failed="0" skipped="0">
  <reporter-output>
  </reporter-output>
  <suite started-at="2023-01-06T14:34:48 EST" name="Default suite" finished-at="2023-01-06T14:35:09 EST" duration-ms="20382">
    <groups>
    </groups>
    <test started-at="2023-01-06T14:34:48 EST" name="Default test" finished-at="2023-01-06T14:35:09 EST" duration-ms="20382">
      <class name="com.pwc.productcentral.SanityTestCases">
        <test-method is-config="true" signature="setUp()[pri:0, instance:com.pwc.productcentral.SanityTestCases@5b69d40d]" started-at="2023-01-06T14:34:48 EST" name="setUp" finished-at="2023-01-06T14:34:48 EST" duration-ms="93" status="PASS">
          <reporter-output>
          </reporter-output>
        </test-method> <!-- setUp -->
        <test-method is-config="true" signature="initTest()[pri:0, instance:com.pwc.productcentral.SanityTestCases@5b69d40d]" started-at="2023-01-06T14:34:48 EST" name="initTest" finished-at="2023-01-06T14:34:49 EST" duration-ms="122" status="PASS">
          <reporter-output>
          </reporter-output>
        </test-method> <!-- initTest -->
        <test-method signature="WEB_66()[pri:0, instance:com.pwc.productcentral.SanityTestCases@5b69d40d]" started-at="2023-01-06T14:34:49 EST" name="WEB_66" finished-at="2023-01-06T14:35:09 EST" duration-ms="20238" status="PASS">
          <reporter-output>
          </reporter-output>
        </test-method> <!-- WEB_66 -->
        <test-method is-config="true" signature="closingBrowser()[pri:0, instance:com.pwc.productcentral.SanityTestCases@5b69d40d]" started-at="2023-01-06T14:35:09 EST" name="closingBrowser" finished-at="2023-01-06T14:35:09 EST" duration-ms="202" status="PASS">
          <reporter-output>
          </reporter-output>
        </test-method> <!-- closingBrowser -->
      </class> <!-- com.pwc.productcentral.SanityTestCases -->
    </test> <!-- Default test -->
  </suite> <!-- Default suite -->
</testng-results>
