<?xml version="1.0" encoding="UTF-8"?>
<testng-results ignored="92" total="93" passed="1" failed="0" skipped="0">
  <reporter-output>
  </reporter-output>
  <suite started-at="2023-01-19T12:12:06 EST" name="Default suite" finished-at="2023-01-19T12:12:37 EST" duration-ms="31616">
    <groups>
    </groups>
    <test started-at="2023-01-19T12:12:06 EST" name="Default test" finished-at="2023-01-19T12:12:37 EST" duration-ms="31616">
      <class name="com.pwc.productcentral.SanityTestCases">
        <test-method is-config="true" signature="setUp()[pri:0, instance:com.pwc.productcentral.SanityTestCases@3dedb4a6]" started-at="2023-01-19T12:12:05 EST" name="setUp" finished-at="2023-01-19T12:12:06 EST" duration-ms="104" status="PASS">
          <reporter-output>
          </reporter-output>
        </test-method> <!-- setUp -->
        <test-method is-config="true" signature="initTest()[pri:0, instance:com.pwc.productcentral.SanityTestCases@3dedb4a6]" started-at="2023-01-19T12:12:06 EST" name="initTest" finished-at="2023-01-19T12:12:06 EST" duration-ms="125" status="PASS">
          <reporter-output>
          </reporter-output>
        </test-method> <!-- initTest -->
        <test-method signature="WEB_77()[pri:0, instance:com.pwc.productcentral.SanityTestCases@3dedb4a6]" started-at="2023-01-19T12:12:06 EST" name="WEB_77" finished-at="2023-01-19T12:12:37 EST" duration-ms="31401" status="PASS">
          <reporter-output>
          </reporter-output>
        </test-method> <!-- WEB_77 -->
        <test-method is-config="true" signature="closeTabs()[pri:0, instance:com.pwc.productcentral.SanityTestCases@3dedb4a6]" started-at="2023-01-19T12:12:37 EST" name="closeTabs" finished-at="2023-01-19T12:12:37 EST" duration-ms="73" status="PASS">
          <reporter-output>
          </reporter-output>
        </test-method> <!-- closeTabs -->
        <test-method is-config="true" signature="closingBrowser()[pri:0, instance:com.pwc.productcentral.SanityTestCases@3dedb4a6]" started-at="2023-01-19T12:12:37 EST" name="closingBrowser" finished-at="2023-01-19T12:12:37 EST" duration-ms="167" status="PASS">
          <reporter-output>
          </reporter-output>
        </test-method> <!-- closingBrowser -->
      </class> <!-- com.pwc.productcentral.SanityTestCases -->
    </test> <!-- Default test -->
  </suite> <!-- Default suite -->
</testng-results>
