<?xml version="1.0" encoding="UTF-8"?>
<testng-results ignored="92" total="93" passed="1" failed="0" skipped="0">
  <reporter-output>
  </reporter-output>
  <suite started-at="2023-01-25T14:33:54 EST" name="Default suite" finished-at="2023-01-25T14:34:16 EST" duration-ms="21825">
    <groups>
    </groups>
    <test started-at="2023-01-25T14:33:54 EST" name="Default test" finished-at="2023-01-25T14:34:16 EST" duration-ms="21825">
      <class name="com.pwc.productcentral.SanityTestCases">
        <test-method is-config="true" signature="setUp()[pri:0, instance:com.pwc.productcentral.SanityTestCases@3dedb4a6]" started-at="2023-01-25T14:33:54 EST" name="setUp" finished-at="2023-01-25T14:33:54 EST" duration-ms="106" status="PASS">
          <reporter-output>
          </reporter-output>
        </test-method> <!-- setUp -->
        <test-method is-config="true" signature="initTest()[pri:0, instance:com.pwc.productcentral.SanityTestCases@3dedb4a6]" started-at="2023-01-25T14:33:54 EST" name="initTest" finished-at="2023-01-25T14:33:54 EST" duration-ms="495" status="PASS">
          <reporter-output>
          </reporter-output>
        </test-method> <!-- initTest -->
        <test-method signature="WEB_28()[pri:0, instance:com.pwc.productcentral.SanityTestCases@3dedb4a6]" started-at="2023-01-25T14:33:54 EST" name="WEB_28" finished-at="2023-01-25T14:34:16 EST" duration-ms="21231" status="PASS">
          <reporter-output>
          </reporter-output>
        </test-method> <!-- WEB_28 -->
        <test-method is-config="true" signature="closeTabs()[pri:0, instance:com.pwc.productcentral.SanityTestCases@3dedb4a6]" started-at="2023-01-25T14:34:16 EST" name="closeTabs" finished-at="2023-01-25T14:34:16 EST" duration-ms="81" status="PASS">
          <reporter-output>
          </reporter-output>
        </test-method> <!-- closeTabs -->
        <test-method is-config="true" signature="closingBrowser()[pri:0, instance:com.pwc.productcentral.SanityTestCases@3dedb4a6]" started-at="2023-01-25T14:34:16 EST" name="closingBrowser" finished-at="2023-01-25T14:34:16 EST" duration-ms="187" status="PASS">
          <reporter-output>
          </reporter-output>
        </test-method> <!-- closingBrowser -->
      </class> <!-- com.pwc.productcentral.SanityTestCases -->
    </test> <!-- Default test -->
  </suite> <!-- Default suite -->
</testng-results>
