<?xml version="1.0" encoding="UTF-8"?>
<testng-results ignored="72" total="73" passed="1" failed="0" skipped="0">
  <reporter-output>
  </reporter-output>
  <suite started-at="2022-12-30T11:45:44 EST" name="Default suite" finished-at="2022-12-30T11:46:05 EST" duration-ms="21496">
    <groups>
    </groups>
    <test started-at="2022-12-30T11:45:44 EST" name="Default test" finished-at="2022-12-30T11:46:05 EST" duration-ms="21496">
      <class name="com.pwc.productcentral.SanityTestCases">
        <test-method is-config="true" signature="setUp()[pri:0, instance:com.pwc.productcentral.SanityTestCases@64d43929]" started-at="2022-12-30T11:45:44 EST" name="setUp" finished-at="2022-12-30T11:45:44 EST" duration-ms="105" status="PASS">
          <reporter-output>
          </reporter-output>
        </test-method> <!-- setUp -->
        <test-method is-config="true" signature="initTest()[pri:0, instance:com.pwc.productcentral.SanityTestCases@64d43929]" started-at="2022-12-30T11:45:44 EST" name="initTest" finished-at="2022-12-30T11:45:44 EST" duration-ms="122" status="PASS">
          <reporter-output>
          </reporter-output>
        </test-method> <!-- initTest -->
        <test-method signature="WEB_52_5()[pri:0, instance:com.pwc.productcentral.SanityTestCases@64d43929]" started-at="2022-12-30T11:45:44 EST" name="WEB_52_5" finished-at="2022-12-30T11:46:05 EST" duration-ms="21358" status="PASS">
          <reporter-output>
          </reporter-output>
        </test-method> <!-- WEB_52_5 -->
        <test-method is-config="true" signature="closingBrowser()[pri:0, instance:com.pwc.productcentral.SanityTestCases@64d43929]" started-at="2022-12-30T11:46:05 EST" name="closingBrowser" finished-at="2022-12-30T11:46:05 EST" duration-ms="166" status="PASS">
          <reporter-output>
          </reporter-output>
        </test-method> <!-- closingBrowser -->
      </class> <!-- com.pwc.productcentral.SanityTestCases -->
    </test> <!-- Default test -->
  </suite> <!-- Default suite -->
</testng-results>
