<?xml version="1.0" encoding="UTF-8"?>
<testng-results ignored="87" total="93" passed="6" failed="0" skipped="0">
  <reporter-output>
  </reporter-output>
  <suite started-at="2023-01-19T15:51:08 EST" name="Default suite" finished-at="2023-01-19T15:52:16 EST" duration-ms="68240">
    <groups>
    </groups>
    <test started-at="2023-01-19T15:51:08 EST" name="Default test" finished-at="2023-01-19T15:52:16 EST" duration-ms="68240">
      <class name="com.pwc.productcentral.SanityTestCases">
        <test-method is-config="true" signature="setUp()[pri:0, instance:com.pwc.productcentral.SanityTestCases@3dedb4a6]" started-at="2023-01-19T15:51:08 EST" name="setUp" finished-at="2023-01-19T15:51:08 EST" duration-ms="109" status="PASS">
          <reporter-output>
          </reporter-output>
        </test-method> <!-- setUp -->
        <test-method is-config="true" signature="initTest()[pri:0, instance:com.pwc.productcentral.SanityTestCases@3dedb4a6]" started-at="2023-01-19T15:51:08 EST" name="initTest" finished-at="2023-01-19T15:51:08 EST" duration-ms="468" status="PASS">
          <reporter-output>
          </reporter-output>
        </test-method> <!-- initTest -->
        <test-method signature="WEB_1()[pri:0, instance:com.pwc.productcentral.SanityTestCases@3dedb4a6]" started-at="2023-01-19T15:51:08 EST" name="WEB_1" finished-at="2023-01-19T15:51:09 EST" duration-ms="911" status="PASS">
          <reporter-output>
          </reporter-output>
        </test-method> <!-- WEB_1 -->
        <test-method is-config="true" signature="closeTabs()[pri:0, instance:com.pwc.productcentral.SanityTestCases@3dedb4a6]" started-at="2023-01-19T15:51:09 EST" name="closeTabs" finished-at="2023-01-19T15:51:09 EST" duration-ms="9" status="PASS">
          <reporter-output>
          </reporter-output>
        </test-method> <!-- closeTabs -->
        <test-method is-config="true" signature="initTest()[pri:0, instance:com.pwc.productcentral.SanityTestCases@3dedb4a6]" started-at="2023-01-19T15:51:09 EST" name="initTest" finished-at="2023-01-19T15:51:09 EST" duration-ms="61" status="PASS">
          <reporter-output>
          </reporter-output>
        </test-method> <!-- initTest -->
        <test-method signature="WEB_2()[pri:0, instance:com.pwc.productcentral.SanityTestCases@3dedb4a6]" started-at="2023-01-19T15:51:09 EST" name="WEB_2" finished-at="2023-01-19T15:51:10 EST" duration-ms="328" status="PASS">
          <reporter-output>
          </reporter-output>
        </test-method> <!-- WEB_2 -->
        <test-method is-config="true" signature="closeTabs()[pri:0, instance:com.pwc.productcentral.SanityTestCases@3dedb4a6]" started-at="2023-01-19T15:51:10 EST" name="closeTabs" finished-at="2023-01-19T15:51:10 EST" duration-ms="7" status="PASS">
          <reporter-output>
          </reporter-output>
        </test-method> <!-- closeTabs -->
        <test-method is-config="true" signature="initTest()[pri:0, instance:com.pwc.productcentral.SanityTestCases@3dedb4a6]" started-at="2023-01-19T15:51:10 EST" name="initTest" finished-at="2023-01-19T15:51:10 EST" duration-ms="53" status="PASS">
          <reporter-output>
          </reporter-output>
        </test-method> <!-- initTest -->
        <test-method signature="WEB_3()[pri:0, instance:com.pwc.productcentral.SanityTestCases@3dedb4a6]" started-at="2023-01-19T15:51:10 EST" name="WEB_3" finished-at="2023-01-19T15:51:10 EST" duration-ms="295" status="PASS">
          <reporter-output>
          </reporter-output>
        </test-method> <!-- WEB_3 -->
        <test-method is-config="true" signature="closeTabs()[pri:0, instance:com.pwc.productcentral.SanityTestCases@3dedb4a6]" started-at="2023-01-19T15:51:10 EST" name="closeTabs" finished-at="2023-01-19T15:51:10 EST" duration-ms="6" status="PASS">
          <reporter-output>
          </reporter-output>
        </test-method> <!-- closeTabs -->
        <test-method is-config="true" signature="initTest()[pri:0, instance:com.pwc.productcentral.SanityTestCases@3dedb4a6]" started-at="2023-01-19T15:51:10 EST" name="initTest" finished-at="2023-01-19T15:51:10 EST" duration-ms="51" status="PASS">
          <reporter-output>
          </reporter-output>
        </test-method> <!-- initTest -->
        <test-method signature="WEB_77()[pri:0, instance:com.pwc.productcentral.SanityTestCases@3dedb4a6]" started-at="2023-01-19T15:51:10 EST" name="WEB_77" finished-at="2023-01-19T15:51:41 EST" duration-ms="31315" status="PASS">
          <reporter-output>
          </reporter-output>
        </test-method> <!-- WEB_77 -->
        <test-method is-config="true" signature="closeTabs()[pri:0, instance:com.pwc.productcentral.SanityTestCases@3dedb4a6]" started-at="2023-01-19T15:51:41 EST" name="closeTabs" finished-at="2023-01-19T15:51:41 EST" duration-ms="83" status="PASS">
          <reporter-output>
          </reporter-output>
        </test-method> <!-- closeTabs -->
        <test-method is-config="true" signature="initTest()[pri:0, instance:com.pwc.productcentral.SanityTestCases@3dedb4a6]" started-at="2023-01-19T15:51:41 EST" name="initTest" finished-at="2023-01-19T15:51:42 EST" duration-ms="89" status="PASS">
          <reporter-output>
          </reporter-output>
        </test-method> <!-- initTest -->
        <test-method signature="WEB_78()[pri:0, instance:com.pwc.productcentral.SanityTestCases@3dedb4a6]" started-at="2023-01-19T15:51:42 EST" name="WEB_78" finished-at="2023-01-19T15:51:54 EST" duration-ms="12072" status="PASS">
          <reporter-output>
          </reporter-output>
        </test-method> <!-- WEB_78 -->
        <test-method is-config="true" signature="closeTabs()[pri:0, instance:com.pwc.productcentral.SanityTestCases@3dedb4a6]" started-at="2023-01-19T15:51:54 EST" name="closeTabs" finished-at="2023-01-19T15:51:54 EST" duration-ms="5" status="PASS">
          <reporter-output>
          </reporter-output>
        </test-method> <!-- closeTabs -->
        <test-method is-config="true" signature="initTest()[pri:0, instance:com.pwc.productcentral.SanityTestCases@3dedb4a6]" started-at="2023-01-19T15:51:54 EST" name="initTest" finished-at="2023-01-19T15:51:54 EST" duration-ms="46" status="PASS">
          <reporter-output>
          </reporter-output>
        </test-method> <!-- initTest -->
        <test-method signature="WEB_79()[pri:0, instance:com.pwc.productcentral.SanityTestCases@3dedb4a6]" started-at="2023-01-19T15:51:54 EST" name="WEB_79" finished-at="2023-01-19T15:52:16 EST" duration-ms="22413" status="PASS">
          <reporter-output>
          </reporter-output>
        </test-method> <!-- WEB_79 -->
        <test-method is-config="true" signature="closeTabs()[pri:0, instance:com.pwc.productcentral.SanityTestCases@3dedb4a6]" started-at="2023-01-19T15:52:16 EST" name="closeTabs" finished-at="2023-01-19T15:52:16 EST" duration-ms="5" status="PASS">
          <reporter-output>
          </reporter-output>
        </test-method> <!-- closeTabs -->
        <test-method is-config="true" signature="closingBrowser()[pri:0, instance:com.pwc.productcentral.SanityTestCases@3dedb4a6]" started-at="2023-01-19T15:52:16 EST" name="closingBrowser" finished-at="2023-01-19T15:52:16 EST" duration-ms="166" status="PASS">
          <reporter-output>
          </reporter-output>
        </test-method> <!-- closingBrowser -->
      </class> <!-- com.pwc.productcentral.SanityTestCases -->
    </test> <!-- Default test -->
  </suite> <!-- Default suite -->
</testng-results>
