<?xml version="1.0" encoding="UTF-8"?>
<testng-results ignored="58" total="59" passed="1" failed="0" skipped="0">
  <reporter-output>
  </reporter-output>
  <suite started-at="2022-12-20T11:32:09 EST" name="Default suite" finished-at="2022-12-20T11:32:29 EST" duration-ms="20090">
    <groups>
    </groups>
    <test started-at="2022-12-20T11:32:09 EST" name="Default test" finished-at="2022-12-20T11:32:29 EST" duration-ms="20090">
      <class name="com.pwc.productcentral.SanityTestCases">
        <test-method is-config="true" signature="setUp()[pri:0, instance:com.pwc.productcentral.SanityTestCases@2e16b08d]" started-at="2022-12-20T11:32:09 EST" name="setUp" finished-at="2022-12-20T11:32:09 EST" duration-ms="103" status="PASS">
          <reporter-output>
          </reporter-output>
        </test-method> <!-- setUp -->
        <test-method is-config="true" signature="initTest()[pri:0, instance:com.pwc.productcentral.SanityTestCases@2e16b08d]" started-at="2022-12-20T11:32:09 EST" name="initTest" finished-at="2022-12-20T11:32:09 EST" duration-ms="121" status="PASS">
          <reporter-output>
          </reporter-output>
        </test-method> <!-- initTest -->
        <test-method signature="WEB_48()[pri:0, instance:com.pwc.productcentral.SanityTestCases@2e16b08d]" started-at="2022-12-20T11:32:09 EST" name="WEB_48" finished-at="2022-12-20T11:32:29 EST" duration-ms="19951" status="PASS">
          <reporter-output>
          </reporter-output>
        </test-method> <!-- WEB_48 -->
        <test-method is-config="true" signature="closingBrowser()[pri:0, instance:com.pwc.productcentral.SanityTestCases@2e16b08d]" started-at="2022-12-20T11:32:29 EST" name="closingBrowser" finished-at="2022-12-20T11:32:29 EST" duration-ms="175" status="PASS">
          <reporter-output>
          </reporter-output>
        </test-method> <!-- closingBrowser -->
      </class> <!-- com.pwc.productcentral.SanityTestCases -->
    </test> <!-- Default test -->
  </suite> <!-- Default suite -->
</testng-results>
