<?xml version="1.0" encoding="UTF-8"?>
<testng-results ignored="92" total="93" passed="1" failed="0" skipped="0">
  <reporter-output>
  </reporter-output>
  <suite started-at="2023-01-18T12:32:40 EST" name="Default suite" finished-at="2023-01-18T12:33:12 EST" duration-ms="31554">
    <groups>
    </groups>
    <test started-at="2023-01-18T12:32:40 EST" name="Default test" finished-at="2023-01-18T12:33:12 EST" duration-ms="31554">
      <class name="com.pwc.productcentral.SanityTestCases">
        <test-method is-config="true" signature="setUp()[pri:0, instance:com.pwc.productcentral.SanityTestCases@3dedb4a6]" started-at="2023-01-18T12:32:40 EST" name="setUp" finished-at="2023-01-18T12:32:40 EST" duration-ms="101" status="PASS">
          <reporter-output>
          </reporter-output>
        </test-method> <!-- setUp -->
        <test-method is-config="true" signature="initTest()[pri:0, instance:com.pwc.productcentral.SanityTestCases@3dedb4a6]" started-at="2023-01-18T12:32:40 EST" name="initTest" finished-at="2023-01-18T12:32:40 EST" duration-ms="125" status="PASS">
          <reporter-output>
          </reporter-output>
        </test-method> <!-- initTest -->
        <test-method signature="WEB_80()[pri:0, instance:com.pwc.productcentral.SanityTestCases@3dedb4a6]" started-at="2023-01-18T12:32:40 EST" name="WEB_80" finished-at="2023-01-18T12:33:12 EST" duration-ms="31407" status="PASS">
          <reporter-output>
          </reporter-output>
        </test-method> <!-- WEB_80 -->
        <test-method is-config="true" signature="closeTabs()[pri:0, instance:com.pwc.productcentral.SanityTestCases@3dedb4a6]" started-at="2023-01-18T12:33:12 EST" name="closeTabs" finished-at="2023-01-18T12:33:12 EST" duration-ms="5" status="PASS">
          <reporter-output>
          </reporter-output>
        </test-method> <!-- closeTabs -->
        <test-method is-config="true" signature="closingBrowser()[pri:0, instance:com.pwc.productcentral.SanityTestCases@3dedb4a6]" started-at="2023-01-18T12:33:12 EST" name="closingBrowser" finished-at="2023-01-18T12:33:12 EST" duration-ms="165" status="PASS">
          <reporter-output>
          </reporter-output>
        </test-method> <!-- closingBrowser -->
      </class> <!-- com.pwc.productcentral.SanityTestCases -->
    </test> <!-- Default test -->
  </suite> <!-- Default suite -->
</testng-results>
